<?xml version="1.0" encoding="UTF-8"?>
<robot generator="Robot 7.0.1 (Python 3.12.6 on win32)" generated="2024-10-04T10:54:28.859756" rpa="false" schemaversion="5">
<suite id="s1" name="Test Suite Success" source="C:\Users\Admin\OneDrive\Área de Trabalho\challengeRobot_test-automation-main\tests\test_suite_success.robot">
<test id="s1-t1" name="CT001 - Successfully register user" line="8">
<kw name="Abrir Browser" owner="functionals" type="SETUP">
<kw name="Open Browser" owner="SeleniumLibrary">
<msg time="2024-10-04T10:54:35.277196" level="INFO">Opening browser 'chrome' to base url 'None'.</msg>
<arg>browser=chrome</arg>
<arg>options=add_experimental_option("detach", True)</arg>
<doc>Opens a new browser instance to the optional ``url``.</doc>
<status status="PASS" start="2024-10-04T10:54:35.277196" elapsed="1.421744"/>
</kw>
<kw name="Go To" owner="SeleniumLibrary">
<msg time="2024-10-04T10:54:36.701877" level="INFO">Opening url 'http://www.automationpractice.pl/index.php'</msg>
<arg>${HOME_PAGE}</arg>
<doc>Navigates the current browser window to the provided ``url``.</doc>
<status status="PASS" start="2024-10-04T10:54:36.701877" elapsed="5.940211"/>
</kw>
<kw name="Maximize Browser Window" owner="SeleniumLibrary">
<doc>Maximizes current browser window.</doc>
<status status="PASS" start="2024-10-04T10:54:42.642984" elapsed="0.052192"/>
</kw>
<kw name="Get Current Date" owner="DateTime">
<msg time="2024-10-04T10:54:42.695176" level="INFO">${data} = 04-10-2024</msg>
<var>${data}</var>
<arg>result_format=%d-%m-%Y</arg>
<doc>Returns current local or UTC time with an optional increment.</doc>
<status status="PASS" start="2024-10-04T10:54:42.695176" elapsed="0.000000"/>
</kw>
<kw name="Set Global Variable" owner="BuiltIn">
<msg time="2024-10-04T10:54:42.696645" level="INFO">${data} = 04-10-2024</msg>
<arg>${data}</arg>
<doc>Makes a variable available globally in all tests and suites.</doc>
<status status="PASS" start="2024-10-04T10:54:42.696645" elapsed="0.000000"/>
</kw>
<status status="PASS" start="2024-10-04T10:54:35.277196" elapsed="7.419449"/>
</kw>
<kw name="Given that I'm on the home page, and I'm not logged in" owner="tests_steps">
<kw name="Go To" owner="SeleniumLibrary">
<msg time="2024-10-04T10:54:42.697998" level="INFO">Opening url 'http://www.automationpractice.pl/index.php'</msg>
<arg>${HOME_PAGE}</arg>
<doc>Navigates the current browser window to the provided ``url``.</doc>
<status status="PASS" start="2024-10-04T10:54:42.697998" elapsed="0.563971"/>
</kw>
<kw name="Maximize Browser Window" owner="SeleniumLibrary">
<doc>Maximizes current browser window.</doc>
<status status="PASS" start="2024-10-04T10:54:43.261969" elapsed="0.000000"/>
</kw>
<status status="PASS" start="2024-10-04T10:54:42.697998" elapsed="0.563971"/>
</kw>
<kw name="When I click on “Sign In”" owner="tests_steps">
<kw name="Click Element" owner="SeleniumLibrary">
<msg time="2024-10-04T10:54:43.268755" level="INFO">Clicking element 'xpath= //a[@class='login'][contains(.,'Sign in')]'.</msg>
<arg>${SignIn}</arg>
<doc>Click the element identified by ``locator``.</doc>
<status status="PASS" start="2024-10-04T10:54:43.261969" elapsed="1.520722"/>
</kw>
<status status="PASS" start="2024-10-04T10:54:43.261969" elapsed="1.520722"/>
</kw>
<kw name="And I am redirected to the login and registration page" owner="tests_steps">
<kw name="Wait Until Element Is Visible" owner="SeleniumLibrary">
<arg>${PageTitle}</arg>
<doc>Waits until the element ``locator`` is visible.</doc>
<status status="PASS" start="2024-10-04T10:54:44.784185" elapsed="0.026644"/>
</kw>
<status status="PASS" start="2024-10-04T10:54:44.784185" elapsed="0.026644"/>
</kw>
<kw name="And I enter your data correctly" owner="tests_steps">
<kw name="Create Client" owner="functionals">
<kw name="Set Variable" owner="BuiltIn">
<msg time="2024-10-04T10:54:44.812683" level="INFO">${ClientArq} = Client-04-10-2024.txt</msg>
<var>${ClientArq}</var>
<arg>Client-${data}.txt</arg>
<doc>Returns the given values which can then be assigned to a variables.</doc>
<status status="PASS" start="2024-10-04T10:54:44.810829" elapsed="0.001854"/>
</kw>
<kw name="Name" owner="FakerLibrary">
<msg time="2024-10-04T10:54:44.812683" level="INFO">${NAME} = Erin Fuller</msg>
<var>${NAME}</var>
<doc>:example: 'John Doe'</doc>
<status status="PASS" start="2024-10-04T10:54:44.812683" elapsed="0.000000"/>
</kw>
<kw name="Email" owner="FakerLibrary">
<msg time="2024-10-04T10:54:44.812683" level="INFO">${EMAIL} = misty40@example.org</msg>
<var>${EMAIL}</var>
<status status="PASS" start="2024-10-04T10:54:44.812683" elapsed="0.000000"/>
</kw>
<kw name="Last Name" owner="FakerLibrary">
<msg time="2024-10-04T10:54:44.812683" level="INFO">${LASTNAME} = Fisher</msg>
<var>${LASTNAME}</var>
<status status="PASS" start="2024-10-04T10:54:44.812683" elapsed="0.000000"/>
</kw>
<kw name="Password" owner="FakerLibrary">
<msg time="2024-10-04T10:54:44.815724" level="INFO">${PASSWORD} = w*DMuug#!2</msg>
<var>${PASSWORD}</var>
<doc>Generate a random password of the specified ``length``.</doc>
<status status="PASS" start="2024-10-04T10:54:44.815724" elapsed="0.000000"/>
</kw>
<kw name="Day Of Month" owner="FakerLibrary">
<msg time="2024-10-04T10:54:44.815724" level="INFO">${Day} = 14</msg>
<var>${Day}</var>
<status status="PASS" start="2024-10-04T10:54:44.815724" elapsed="0.000000"/>
</kw>
<kw name="Month" owner="FakerLibrary">
<msg time="2024-10-04T10:54:44.816807" level="INFO">${Month} = 09</msg>
<var>${Month}</var>
<status status="PASS" start="2024-10-04T10:54:44.815724" elapsed="0.001083"/>
</kw>
<kw name="Year" owner="FakerLibrary">
<msg time="2024-10-04T10:54:44.816807" level="INFO">${Year} = 1980</msg>
<var>${Year}</var>
<status status="PASS" start="2024-10-04T10:54:44.816807" elapsed="0.000000"/>
</kw>
<kw name="Address" owner="FakerLibrary">
<msg time="2024-10-04T10:54:44.817872" level="INFO">${ADDRESS} = 746 Anthony Alley Suite 343
Mclaughlinberg, NV 52250</msg>
<var>${ADDRESS}</var>
<doc>:example: '791 Crist Parks, Sashabury, IL 86039-9874'</doc>
<status status="PASS" start="2024-10-04T10:54:44.816807" elapsed="0.001065"/>
</kw>
<kw name="User Name" owner="FakerLibrary">
<msg time="2024-10-04T10:54:44.817872" level="INFO">${COMPANY} = courtneyfoley</msg>
<var>${COMPANY}</var>
<status status="PASS" start="2024-10-04T10:54:44.817872" elapsed="0.000000"/>
</kw>
<kw name="City" owner="FakerLibrary">
<msg time="2024-10-04T10:54:44.818891" level="INFO">${CITY} = Robertshire</msg>
<var>${CITY}</var>
<doc>:example: 'Sashabury'</doc>
<status status="PASS" start="2024-10-04T10:54:44.817872" elapsed="0.001019"/>
</kw>
<kw name="Zipcode" owner="FakerLibrary">
<msg time="2024-10-04T10:54:44.819401" level="INFO">${CEP} = 35720</msg>
<var>${CEP}</var>
<status status="PASS" start="2024-10-04T10:54:44.818891" elapsed="0.000510"/>
</kw>
<kw name="State" owner="FakerLibrary">
<msg time="2024-10-04T10:54:44.819401" level="INFO">${STATE} = Louisiana</msg>
<var>${STATE}</var>
<status status="PASS" start="2024-10-04T10:54:44.819401" elapsed="0.000000"/>
</kw>
<kw name="Basic Phone Number" owner="FakerLibrary">
<msg time="2024-10-04T10:54:44.819401" level="INFO">${PHONENUMBER} = 543-405-6158</msg>
<var>${PHONENUMBER}</var>
<status status="PASS" start="2024-10-04T10:54:44.819401" elapsed="0.000000"/>
</kw>
<kw name="Convert To String" owner="BuiltIn">
<msg time="2024-10-04T10:54:44.820403" level="INFO">${DAY} = 14</msg>
<var>${DAY}</var>
<arg>${Day}</arg>
<doc>Converts the given item to a Unicode string.</doc>
<status status="PASS" start="2024-10-04T10:54:44.819401" elapsed="0.001002"/>
</kw>
<kw name="Convert To String" owner="BuiltIn">
<msg time="2024-10-04T10:54:44.821034" level="INFO">${MONTH} = 09</msg>
<var>${MONTH}</var>
<arg>${Month}</arg>
<doc>Converts the given item to a Unicode string.</doc>
<status status="PASS" start="2024-10-04T10:54:44.820403" elapsed="0.000631"/>
</kw>
<kw name="Convert To String" owner="BuiltIn">
<msg time="2024-10-04T10:54:44.821565" level="INFO">${YEAR} = 1980</msg>
<var>${YEAR}</var>
<arg>${Year}</arg>
<doc>Converts the given item to a Unicode string.</doc>
<status status="PASS" start="2024-10-04T10:54:44.821267" elapsed="0.000298"/>
</kw>
<kw name="Address" owner="FakerLibrary">
<msg time="2024-10-04T10:54:44.822466" level="INFO">${ADRESS} = 5092 Mitchell Walks Apt. 125
South Pam, NE 98344</msg>
<var>${ADRESS}</var>
<doc>:example: '791 Crist Parks, Sashabury, IL 86039-9874'</doc>
<status status="PASS" start="2024-10-04T10:54:44.821930" elapsed="0.000536"/>
</kw>
<kw name="Password" owner="FakerLibrary">
<msg time="2024-10-04T10:54:44.823776" level="INFO">${PASSWORD1} = )q5mD!aHLN</msg>
<var>${PASSWORD1}</var>
<doc>Generate a random password of the specified ``length``.</doc>
<status status="PASS" start="2024-10-04T10:54:44.822466" elapsed="0.001310"/>
</kw>
<kw name="Create Dictionary" owner="BuiltIn">
<msg time="2024-10-04T10:54:44.823776" level="INFO">&amp;{Client} = { name=Erin Fuller | email=misty40@example.org | lastname=Fisher | password=w*DMuug#!2 | day=14 | month=09 | year=1980 | address=746 Anthony Alley Suite 343
Mclaughlinberg, NV 52250 | company=courtney...</msg>
<var>&amp;{Client}</var>
<arg>name=${NAME}</arg>
<arg>email=${EMAIL}</arg>
<arg>lastname=${LASTNAME}</arg>
<arg>password=${PASSWORD}</arg>
<arg>day=${DAY}</arg>
<arg>month=${MONTH}</arg>
<arg>year=${YEAR}</arg>
<arg>address=${ADDRESS}</arg>
<arg>company=${COMPANY}</arg>
<arg>city=${CITY}</arg>
<arg>cep=${CEP}</arg>
<arg>state=${STATE}</arg>
<arg>phoneNumber=${PHONENUMBER}</arg>
<arg>adress=${ADRESS}</arg>
<arg>password1=${PASSWORD1}</arg>
<doc>Creates and returns a dictionary based on the given ``items``.</doc>
<status status="PASS" start="2024-10-04T10:54:44.823776" elapsed="0.000000"/>
</kw>
<kw name="Set Variable" owner="BuiltIn">
<msg time="2024-10-04T10:54:44.823776" level="INFO">${String} = name=Erin Fuller;email=misty40@example.org;lastname=Fisher;password=w*DMuug#!2;day=14;month=09;year=1980;address=746 Anthony Alley Suite 343
Mclaughlinberg, NV 52250;company=courtneyfoley;city=Roberts...</msg>
<var>${String}</var>
<arg>name=${NAME};email=${EMAIL};lastname=${LASTNAME};password=${PASSWORD};day=${DAY};month=${MONTH};year=${YEAR};address=${ADDRESS};company=${COMPANY};city=${CITY};cep=${CEP};state=${STATE};phoneNumber=${PHONENUMBER};adress=${ADRESS};password1=${PASSWORD1}</arg>
<doc>Returns the given values which can then be assigned to a variables.</doc>
<status status="PASS" start="2024-10-04T10:54:44.823776" elapsed="0.000000"/>
</kw>
<kw name="Log" owner="BuiltIn">
<msg time="2024-10-04T10:54:44.823776" level="INFO">name=Erin Fuller;email=misty40@example.org;lastname=Fisher;password=w*DMuug#!2;day=14;month=09;year=1980;address=746 Anthony Alley Suite 343
Mclaughlinberg, NV 52250;company=courtneyfoley;city=Robertshire;cep=35720;state=Louisiana;phoneNumber=543-405-6158;adress=5092 Mitchell Walks Apt. 125
South Pam, NE 98344;password1=)q5mD!aHLN</msg>
<arg>${string}</arg>
<doc>Logs the given message with the given level.</doc>
<status status="PASS" start="2024-10-04T10:54:44.823776" elapsed="0.000000"/>
</kw>
<kw name="Create File" owner="OperatingSystem">
<msg time="2024-10-04T10:54:44.823776" level="INFO" html="true">Created file '&lt;a href="file://C:\Users\Admin\OneDrive\Área de Trabalho\challengeRobot_test-automation-main\framework\files\Client-04-10-2024.txt"&gt;C:\Users\Admin\OneDrive\Área de Trabalho\challengeRobot_test-automation-main\framework\files\Client-04-10-2024.txt&lt;/a&gt;'.</msg>
<arg>./framework/files/${ClientArq}</arg>
<arg>${String}</arg>
<doc>Creates a file with the given content and encoding.</doc>
<status status="PASS" start="2024-10-04T10:54:44.823776" elapsed="0.000000"/>
</kw>
<return>
<value>&amp;{Client}</value>
<status status="PASS" start="2024-10-04T10:54:44.823776" elapsed="0.000000"/>
</return>
<msg time="2024-10-04T10:54:44.823776" level="INFO">&amp;{DATA} = { name=Erin Fuller | email=misty40@example.org | lastname=Fisher | password=w*DMuug#!2 | day=14 | month=09 | year=1980 | address=746 Anthony Alley Suite 343
Mclaughlinberg, NV 52250 | company=courtney...</msg>
<var>&amp;{DATA}</var>
<status status="PASS" start="2024-10-04T10:54:44.810829" elapsed="0.012947"/>
</kw>
<kw name="Set Global Variable" owner="BuiltIn">
<msg time="2024-10-04T10:54:44.823776" level="INFO">&amp;{DATA} = { name=Erin Fuller | email=misty40@example.org | lastname=Fisher | password=w*DMuug#!2 | day=14 | month=09 | year=1980 | address=746 Anthony Alley Suite 343
Mclaughlinberg, NV 52250 | company=courtney...</msg>
<arg>&amp;{DATA}</arg>
<doc>Makes a variable available globally in all tests and suites.</doc>
<status status="PASS" start="2024-10-04T10:54:44.823776" elapsed="0.000000"/>
</kw>
<kw name="Input Text" owner="SeleniumLibrary">
<msg time="2024-10-04T10:54:44.823776" level="INFO">Typing text 'misty40@example.org' into text field 'xpath= //input[@type='text'][contains(@id,'create')]'.</msg>
<arg>${InputCreate}</arg>
<arg>${DATA.email}</arg>
<doc>Types the given ``text`` into the text field identified by ``locator``.</doc>
<status status="PASS" start="2024-10-04T10:54:44.823776" elapsed="0.162448"/>
</kw>
<kw name="Click Element" owner="SeleniumLibrary">
<msg time="2024-10-04T10:54:44.987250" level="INFO">Clicking element 'xpath= //span[contains(.,'Create an account')]'.</msg>
<arg>${CreateAccount}</arg>
<doc>Click the element identified by ``locator``.</doc>
<status status="PASS" start="2024-10-04T10:54:44.986224" elapsed="0.065065"/>
</kw>
<kw name="Wait Until Element Is Visible" owner="SeleniumLibrary">
<arg>${h3Your personalInformation}</arg>
<doc>Waits until the element ``locator`` is visible.</doc>
<status status="PASS" start="2024-10-04T10:54:45.051289" elapsed="1.277772"/>
</kw>
<kw name="Click Element" owner="SeleniumLibrary">
<msg time="2024-10-04T10:54:46.329061" level="INFO">Clicking element 'xpath= //input[@type='radio'][contains(@id,'gender1')]'.</msg>
<arg>${gender}</arg>
<doc>Click the element identified by ``locator``.</doc>
<status status="PASS" start="2024-10-04T10:54:46.329061" elapsed="0.057270"/>
</kw>
<kw name="Input Text" owner="SeleniumLibrary">
<msg time="2024-10-04T10:54:46.387453" level="INFO">Typing text 'Erin Fuller' into text field 'xpath= //input[@type='text'][contains(@id,'firstname')]'.</msg>
<arg>${inputName}</arg>
<arg>${DATA.name}</arg>
<doc>Types the given ``text`` into the text field identified by ``locator``.</doc>
<status status="PASS" start="2024-10-04T10:54:46.386331" elapsed="0.128545"/>
</kw>
<kw name="Input Text" owner="SeleniumLibrary">
<msg time="2024-10-04T10:54:46.518049" level="INFO">Typing text 'Fisher' into text field 'xpath= //input[@type='text'][contains(@id,'lastname')]'.</msg>
<arg>${inputLastName}</arg>
<arg>${DATA.lastname}</arg>
<doc>Types the given ``text`` into the text field identified by ``locator``.</doc>
<status status="PASS" start="2024-10-04T10:54:46.516234" elapsed="0.155686"/>
</kw>
<kw name="Input Text" owner="SeleniumLibrary">
<msg time="2024-10-04T10:54:46.677189" level="INFO">Typing text 'w*DMuug#!2' into text field 'xpath= //input[contains(@type,'password')]'.</msg>
<arg>${inputPassword}</arg>
<arg>${DATA.password}</arg>
<doc>Types the given ``text`` into the text field identified by ``locator``.</doc>
<status status="PASS" start="2024-10-04T10:54:46.671920" elapsed="0.178267"/>
</kw>
<kw name="Select From List By Index" owner="SeleniumLibrary">
<msg time="2024-10-04T10:54:46.852454" level="INFO">Selecting options from selection list 'xpath= //select[contains(@name,'days')]' by index 14.</msg>
<arg>${SelectDay}</arg>
<arg>${DATA.day}</arg>
<doc>Selects options from selection list ``locator`` by ``indexes``.</doc>
<status status="PASS" start="2024-10-04T10:54:46.852454" elapsed="0.192286"/>
</kw>
<kw name="Select From List By Index" owner="SeleniumLibrary">
<msg time="2024-10-04T10:54:47.044740" level="INFO">Selecting options from selection list 'xpath= //select[contains(@name,'months')]' by index 09.</msg>
<arg>${SelectMonths}</arg>
<arg>${DATA.month}</arg>
<doc>Selects options from selection list ``locator`` by ``indexes``.</doc>
<status status="PASS" start="2024-10-04T10:54:47.044740" elapsed="0.123802"/>
</kw>
<kw name="Select From List By Value" owner="SeleniumLibrary">
<msg time="2024-10-04T10:54:47.173823" level="INFO">Selecting options from selection list 'xpath= //select[@name='years']' by value 1980.</msg>
<arg>${SelectYears}</arg>
<arg>${DATA.year}</arg>
<doc>Selects options from selection list ``locator`` by ``values``.</doc>
<status status="PASS" start="2024-10-04T10:54:47.168542" elapsed="0.082419"/>
</kw>
<status status="PASS" start="2024-10-04T10:54:44.810829" elapsed="2.440132"/>
</kw>
<kw name=" Then When you click on the finish button, the registration must be completed successfully." owner="tests_steps">
<kw name="Click Element" owner="SeleniumLibrary">
<msg time="2024-10-04T10:54:47.252388" level="INFO">Clicking element 'xpath= //span[contains(.,'Register')]'.</msg>
<arg>${ButtonRegister}</arg>
<doc>Click the element identified by ``locator``.</doc>
<status status="PASS" start="2024-10-04T10:54:47.252388" elapsed="1.460124"/>
</kw>
<kw name="Wait Until Element Is Visible" owner="SeleniumLibrary">
<arg>${SignOut}</arg>
<doc>Waits until the element ``locator`` is visible.</doc>
<status status="PASS" start="2024-10-04T10:54:48.713527" elapsed="0.021037"/>
</kw>
<kw name="Click Element" owner="SeleniumLibrary">
<msg time="2024-10-04T10:54:48.735766" level="INFO">Clicking element 'xpath= //a[@class='logout'][contains(.,'Sign out')]'.</msg>
<arg>${SignOut}</arg>
<doc>Click the element identified by ``locator``.</doc>
<status status="PASS" start="2024-10-04T10:54:48.735766" elapsed="1.381509"/>
</kw>
<status status="PASS" start="2024-10-04T10:54:47.252388" elapsed="2.866257"/>
</kw>
<kw name="Fechar Browser" owner="functionals" type="TEARDOWN">
<kw name="Capture Page Screenshot" owner="SeleniumLibrary">
<msg time="2024-10-04T10:54:50.311701" level="INFO" html="true">&lt;/td&gt;&lt;/tr&gt;&lt;tr&gt;&lt;td colspan="3"&gt;&lt;a href="selenium-screenshot-1.png"&gt;&lt;img src="selenium-screenshot-1.png" width="800px"&gt;&lt;/a&gt;</msg>
<doc>Takes a screenshot of the current page and embeds it into a log file.</doc>
<status status="PASS" start="2024-10-04T10:54:50.121090" elapsed="0.190611"/>
</kw>
<kw name="Close Browser" owner="SeleniumLibrary">
<doc>Closes the current browser.</doc>
<status status="PASS" start="2024-10-04T10:54:50.313914" elapsed="2.219859"/>
</kw>
<status status="PASS" start="2024-10-04T10:54:50.120085" elapsed="2.413688"/>
</kw>
<kw name="Stop Recording Test" owner="AutoRecorder">
<msg time="2024-10-04T10:54:52.577842" level="INFO" html="true">&lt;a href="recording_1.webm"&gt;&lt;video width="800px" autoplay&gt;&lt;source src="recording_1.webm" type="video/webm"&gt;&lt;/video&gt;&lt;/a&gt;</msg>
<arg>CT001 - Successfully register user</arg>
<doc>There is no need to execute this keyword manually.</doc>
<status status="PASS" start="2024-10-04T10:54:52.533773" elapsed="0.044069"/>
</kw>
<doc>Testa o login com credenciais válidas</doc>
<status status="PASS" start="2024-10-04T10:54:33.009747" elapsed="19.524026"/>
</test>
<test id="s1-t2" name="CT002 - Login successfully" line="16">
<kw name="Abrir Browser" owner="functionals" type="SETUP">
<kw name="Open Browser" owner="SeleniumLibrary">
<msg time="2024-10-04T10:54:54.651289" level="INFO">Opening browser 'chrome' to base url 'None'.</msg>
<arg>browser=chrome</arg>
<arg>options=add_experimental_option("detach", True)</arg>
<doc>Opens a new browser instance to the optional ``url``.</doc>
<status status="PASS" start="2024-10-04T10:54:54.651289" elapsed="1.443001"/>
</kw>
<kw name="Go To" owner="SeleniumLibrary">
<msg time="2024-10-04T10:54:56.095225" level="INFO">Opening url 'http://www.automationpractice.pl/index.php'</msg>
<arg>${HOME_PAGE}</arg>
<doc>Navigates the current browser window to the provided ``url``.</doc>
<status status="PASS" start="2024-10-04T10:54:56.095158" elapsed="5.918905"/>
</kw>
<kw name="Maximize Browser Window" owner="SeleniumLibrary">
<doc>Maximizes current browser window.</doc>
<status status="PASS" start="2024-10-04T10:55:02.014063" elapsed="0.039146"/>
</kw>
<kw name="Get Current Date" owner="DateTime">
<msg time="2024-10-04T10:55:02.053715" level="INFO">${data} = 04-10-2024</msg>
<var>${data}</var>
<arg>result_format=%d-%m-%Y</arg>
<doc>Returns current local or UTC time with an optional increment.</doc>
<status status="PASS" start="2024-10-04T10:55:02.053209" elapsed="0.000506"/>
</kw>
<kw name="Set Global Variable" owner="BuiltIn">
<msg time="2024-10-04T10:55:02.053715" level="INFO">${data} = 04-10-2024</msg>
<arg>${data}</arg>
<doc>Makes a variable available globally in all tests and suites.</doc>
<status status="PASS" start="2024-10-04T10:55:02.053715" elapsed="0.000000"/>
</kw>
<status status="PASS" start="2024-10-04T10:54:54.651289" elapsed="7.402426"/>
</kw>
<kw name="Given that I'm on the home page, and I'm not logged in" owner="tests_steps">
<kw name="Go To" owner="SeleniumLibrary">
<msg time="2024-10-04T10:55:02.055117" level="INFO">Opening url 'http://www.automationpractice.pl/index.php'</msg>
<arg>${HOME_PAGE}</arg>
<doc>Navigates the current browser window to the provided ``url``.</doc>
<status status="PASS" start="2024-10-04T10:55:02.055117" elapsed="0.695562"/>
</kw>
<kw name="Maximize Browser Window" owner="SeleniumLibrary">
<doc>Maximizes current browser window.</doc>
<status status="PASS" start="2024-10-04T10:55:02.750679" elapsed="0.005447"/>
</kw>
<status status="PASS" start="2024-10-04T10:55:02.055117" elapsed="0.701009"/>
</kw>
<kw name="When I click on “Sign In”" owner="tests_steps">
<kw name="Click Element" owner="SeleniumLibrary">
<msg time="2024-10-04T10:55:02.756126" level="INFO">Clicking element 'xpath= //a[@class='login'][contains(.,'Sign in')]'.</msg>
<arg>${SignIn}</arg>
<doc>Click the element identified by ``locator``.</doc>
<status status="PASS" start="2024-10-04T10:55:02.756126" elapsed="1.268683"/>
</kw>
<status status="PASS" start="2024-10-04T10:55:02.756126" elapsed="1.268683"/>
</kw>
<kw name="And I am redirected to the login and registration page" owner="tests_steps">
<kw name="Wait Until Element Is Visible" owner="SeleniumLibrary">
<arg>${PageTitle}</arg>
<doc>Waits until the element ``locator`` is visible.</doc>
<status status="PASS" start="2024-10-04T10:55:04.025807" elapsed="0.025501"/>
</kw>
<status status="PASS" start="2024-10-04T10:55:04.025807" elapsed="0.025501"/>
</kw>
<kw name="And I enter your email and password correctly" owner="tests_steps">
<kw name="Uses Mass of Data" owner="functionals">
<kw name="Get File" owner="OperatingSystem">
<msg time="2024-10-04T10:55:04.052306" level="INFO" html="true">Getting file '&lt;a href="file://C:\Users\Admin\OneDrive\Área de Trabalho\challengeRobot_test-automation-main\framework\Files\Client-04-10-2024.txt"&gt;C:\Users\Admin\OneDrive\Área de Trabalho\challengeRobot_test-automation-main\framework\Files\Client-04-10-2024.txt&lt;/a&gt;'.</msg>
<msg time="2024-10-04T10:55:04.064092" level="INFO">${file} = name=Erin Fuller;email=misty40@example.org;lastname=Fisher;password=w*DMuug#!2;day=14;month=09;year=1980;address=746 Anthony Alley Suite 343
Mclaughlinberg, NV 52250;company=courtneyfoley;city=Roberts...</msg>
<var>${file}</var>
<arg>./framework/Files/${fileName}</arg>
<doc>Returns the contents of a specified file.</doc>
<status status="PASS" start="2024-10-04T10:55:04.052306" elapsed="0.011786"/>
</kw>
<kw name="Txt To Dict" owner="generator">
<msg time="2024-10-04T10:55:04.065089" level="INFO">&amp;{DICT} = { name=Erin Fuller | email=misty40@example.org | lastname=Fisher | password=w*DMuug#!2 | day=14 | month=09 | year=1980 | address=746 Anthony Alley Suite 343
Mclaughlinberg, NV 52250 | company=courtney...</msg>
<var>&amp;{DICT}</var>
<arg>${file}</arg>
<status status="PASS" start="2024-10-04T10:55:04.065089" elapsed="0.000000"/>
</kw>
<return>
<value>&amp;{DICT}</value>
<status status="PASS" start="2024-10-04T10:55:04.065089" elapsed="0.000000"/>
</return>
<msg time="2024-10-04T10:55:04.065089" level="INFO">&amp;{USER} = { name=Erin Fuller | email=misty40@example.org | lastname=Fisher | password=w*DMuug#!2 | day=14 | month=09 | year=1980 | address=746 Anthony Alley Suite 343
Mclaughlinberg, NV 52250 | company=courtney...</msg>
<var>&amp;{USER}</var>
<arg>Client-${data}.txt</arg>
<status status="PASS" start="2024-10-04T10:55:04.052306" elapsed="0.012783"/>
</kw>
<kw name="Log To Console" owner="BuiltIn">
<arg>${USER}</arg>
<doc>Logs the given message to the console.</doc>
<status status="PASS" start="2024-10-04T10:55:04.066090" elapsed="0.000000"/>
</kw>
<kw name="Set Global Variable" owner="BuiltIn">
<msg time="2024-10-04T10:55:04.067085" level="INFO">&amp;{USER} = { name=Erin Fuller | email=misty40@example.org | lastname=Fisher | password=w*DMuug#!2 | day=14 | month=09 | year=1980 | address=746 Anthony Alley Suite 343
Mclaughlinberg, NV 52250 | company=courtney...</msg>
<arg>&amp;{USER}</arg>
<doc>Makes a variable available globally in all tests and suites.</doc>
<status status="PASS" start="2024-10-04T10:55:04.066090" elapsed="0.000995"/>
</kw>
<kw name="Set Variable" owner="BuiltIn">
<msg time="2024-10-04T10:55:04.068246" level="INFO">${usuario} = misty40@example.org</msg>
<var>${usuario}</var>
<arg>${USER.email}</arg>
<doc>Returns the given values which can then be assigned to a variables.</doc>
<status status="PASS" start="2024-10-04T10:55:04.067085" elapsed="0.001161"/>
</kw>
<kw name="Set Variable" owner="BuiltIn">
<msg time="2024-10-04T10:55:04.069728" level="INFO">${senha} = w*DMuug#!2</msg>
<var>${senha}</var>
<arg>${USER.password}</arg>
<doc>Returns the given values which can then be assigned to a variables.</doc>
<status status="PASS" start="2024-10-04T10:55:04.068246" elapsed="0.001482"/>
</kw>
<kw name="Set Global Variable" owner="BuiltIn">
<msg time="2024-10-04T10:55:04.070265" level="INFO">${usuario} = misty40@example.org</msg>
<arg>${usuario}</arg>
<doc>Makes a variable available globally in all tests and suites.</doc>
<status status="PASS" start="2024-10-04T10:55:04.069728" elapsed="0.000537"/>
</kw>
<kw name="Set Global Variable" owner="BuiltIn">
<msg time="2024-10-04T10:55:04.070265" level="INFO">${senha} = w*DMuug#!2</msg>
<arg>${senha}</arg>
<doc>Makes a variable available globally in all tests and suites.</doc>
<status status="PASS" start="2024-10-04T10:55:04.070265" elapsed="0.000000"/>
</kw>
<kw name="Login in" owner="functionals">
<kw name="Input Text" owner="SeleniumLibrary">
<msg time="2024-10-04T10:55:04.071298" level="INFO">Typing text 'misty40@example.org' into text field 'id=email'.</msg>
<arg>${InputEmailSignIn}</arg>
<arg>${USER}</arg>
<doc>Types the given ``text`` into the text field identified by ``locator``.</doc>
<status status="PASS" start="2024-10-04T10:55:04.071298" elapsed="0.169095"/>
</kw>
<kw name="Input Text" owner="SeleniumLibrary">
<msg time="2024-10-04T10:55:04.241197" level="INFO">Typing text 'w*DMuug#!2' into text field 'xpath= //input[contains(@type,'password')]'.</msg>
<arg>${InputPasswordSignIn}</arg>
<arg>${SENHA}</arg>
<doc>Types the given ``text`` into the text field identified by ``locator``.</doc>
<status status="PASS" start="2024-10-04T10:55:04.241197" elapsed="0.105718"/>
</kw>
<arg>${usuario}</arg>
<arg>${senha}</arg>
<status status="PASS" start="2024-10-04T10:55:04.070265" elapsed="0.276650"/>
</kw>
<status status="PASS" start="2024-10-04T10:55:04.051308" elapsed="0.296255"/>
</kw>
<kw name="Then When you click on the “Sign In” button, you must log in successfully." owner="tests_steps">
<kw name="Click Element" owner="SeleniumLibrary">
<msg time="2024-10-04T10:55:04.347769" level="INFO">Clicking element 'xpath= //span[contains(.,'Sign in')]'.</msg>
<arg>${ButtonSignIn}</arg>
<doc>Click the element identified by ``locator``.</doc>
<status status="PASS" start="2024-10-04T10:55:04.347769" elapsed="1.357485"/>
</kw>
<status status="PASS" start="2024-10-04T10:55:04.347769" elapsed="1.357485"/>
</kw>
<kw name="Fechar Browser" owner="functionals" type="TEARDOWN">
<kw name="Capture Page Screenshot" owner="SeleniumLibrary">
<msg time="2024-10-04T10:55:05.926122" level="INFO" html="true">&lt;/td&gt;&lt;/tr&gt;&lt;tr&gt;&lt;td colspan="3"&gt;&lt;a href="selenium-screenshot-2.png"&gt;&lt;img src="selenium-screenshot-2.png" width="800px"&gt;&lt;/a&gt;</msg>
<doc>Takes a screenshot of the current page and embeds it into a log file.</doc>
<status status="PASS" start="2024-10-04T10:55:05.706522" elapsed="0.219600"/>
</kw>
<kw name="Close Browser" owner="SeleniumLibrary">
<doc>Closes the current browser.</doc>
<status status="PASS" start="2024-10-04T10:55:05.932366" elapsed="2.189839"/>
</kw>
<status status="PASS" start="2024-10-04T10:55:05.706522" elapsed="2.415683"/>
</kw>
<kw name="Stop Recording Test" owner="AutoRecorder">
<msg time="2024-10-04T10:55:08.206496" level="INFO" html="true">&lt;a href="recording_2.webm"&gt;&lt;video width="800px" autoplay&gt;&lt;source src="recording_2.webm" type="video/webm"&gt;&lt;/video&gt;&lt;/a&gt;</msg>
<arg>CT002 - Login successfully</arg>
<doc>There is no need to execute this keyword manually.</doc>
<status status="PASS" start="2024-10-04T10:55:08.124769" elapsed="0.084448"/>
</kw>
<status status="PASS" start="2024-10-04T10:54:52.578347" elapsed="15.543858"/>
</test>
<test id="s1-t3" name="CT003 - Successfully search for a product" line="24">
<kw name="Abrir Browser" owner="functionals" type="SETUP">
<kw name="Open Browser" owner="SeleniumLibrary">
<msg time="2024-10-04T10:55:10.335086" level="INFO">Opening browser 'chrome' to base url 'None'.</msg>
<arg>browser=chrome</arg>
<arg>options=add_experimental_option("detach", True)</arg>
<doc>Opens a new browser instance to the optional ``url``.</doc>
<status status="PASS" start="2024-10-04T10:55:10.333628" elapsed="1.443204"/>
</kw>
<kw name="Go To" owner="SeleniumLibrary">
<msg time="2024-10-04T10:55:11.777337" level="INFO">Opening url 'http://www.automationpractice.pl/index.php'</msg>
<arg>${HOME_PAGE}</arg>
<doc>Navigates the current browser window to the provided ``url``.</doc>
<status status="PASS" start="2024-10-04T10:55:11.777337" elapsed="5.779661"/>
</kw>
<kw name="Maximize Browser Window" owner="SeleniumLibrary">
<doc>Maximizes current browser window.</doc>
<status status="PASS" start="2024-10-04T10:55:17.556998" elapsed="0.044308"/>
</kw>
<kw name="Get Current Date" owner="DateTime">
<msg time="2024-10-04T10:55:17.602342" level="INFO">${data} = 04-10-2024</msg>
<var>${data}</var>
<arg>result_format=%d-%m-%Y</arg>
<doc>Returns current local or UTC time with an optional increment.</doc>
<status status="PASS" start="2024-10-04T10:55:17.602342" elapsed="0.000000"/>
</kw>
<kw name="Set Global Variable" owner="BuiltIn">
<msg time="2024-10-04T10:55:17.603364" level="INFO">${data} = 04-10-2024</msg>
<arg>${data}</arg>
<doc>Makes a variable available globally in all tests and suites.</doc>
<status status="PASS" start="2024-10-04T10:55:17.603364" elapsed="0.000000"/>
</kw>
<status status="PASS" start="2024-10-04T10:55:10.333628" elapsed="7.269736"/>
</kw>
<kw name="Given I'm on the home page logged in" owner="tests_steps">
<kw name="Given that I'm on the home page, and I'm not logged in" owner="tests_steps">
<kw name="Go To" owner="SeleniumLibrary">
<msg time="2024-10-04T10:55:17.605195" level="INFO">Opening url 'http://www.automationpractice.pl/index.php'</msg>
<arg>${HOME_PAGE}</arg>
<doc>Navigates the current browser window to the provided ``url``.</doc>
<status status="PASS" start="2024-10-04T10:55:17.605195" elapsed="0.537588"/>
</kw>
<kw name="Maximize Browser Window" owner="SeleniumLibrary">
<doc>Maximizes current browser window.</doc>
<status status="PASS" start="2024-10-04T10:55:18.142783" elapsed="0.000000"/>
</kw>
<status status="PASS" start="2024-10-04T10:55:17.605195" elapsed="0.537588"/>
</kw>
<kw name="When I click on “Sign In”" owner="tests_steps">
<kw name="Click Element" owner="SeleniumLibrary">
<msg time="2024-10-04T10:55:18.142783" level="INFO">Clicking element 'xpath= //a[@class='login'][contains(.,'Sign in')]'.</msg>
<arg>${SignIn}</arg>
<doc>Click the element identified by ``locator``.</doc>
<status status="PASS" start="2024-10-04T10:55:18.142783" elapsed="1.386910"/>
</kw>
<status status="PASS" start="2024-10-04T10:55:18.142783" elapsed="1.386910"/>
</kw>
<kw name="And I am redirected to the login and registration page" owner="tests_steps">
<kw name="Wait Until Element Is Visible" owner="SeleniumLibrary">
<arg>${PageTitle}</arg>
<doc>Waits until the element ``locator`` is visible.</doc>
<status status="PASS" start="2024-10-04T10:55:19.530722" elapsed="0.023173"/>
</kw>
<status status="PASS" start="2024-10-04T10:55:19.530722" elapsed="0.023173"/>
</kw>
<kw name="And I enter your email and password correctly" owner="tests_steps">
<kw name="Uses Mass of Data" owner="functionals">
<kw name="Get File" owner="OperatingSystem">
<msg time="2024-10-04T10:55:19.554955" level="INFO" html="true">Getting file '&lt;a href="file://C:\Users\Admin\OneDrive\Área de Trabalho\challengeRobot_test-automation-main\framework\Files\Client-04-10-2024.txt"&gt;C:\Users\Admin\OneDrive\Área de Trabalho\challengeRobot_test-automation-main\framework\Files\Client-04-10-2024.txt&lt;/a&gt;'.</msg>
<msg time="2024-10-04T10:55:19.554955" level="INFO">${file} = name=Erin Fuller;email=misty40@example.org;lastname=Fisher;password=w*DMuug#!2;day=14;month=09;year=1980;address=746 Anthony Alley Suite 343
Mclaughlinberg, NV 52250;company=courtneyfoley;city=Roberts...</msg>
<var>${file}</var>
<arg>./framework/Files/${fileName}</arg>
<doc>Returns the contents of a specified file.</doc>
<status status="PASS" start="2024-10-04T10:55:19.554955" elapsed="0.000000"/>
</kw>
<kw name="Txt To Dict" owner="generator">
<msg time="2024-10-04T10:55:19.554955" level="INFO">&amp;{DICT} = { name=Erin Fuller | email=misty40@example.org | lastname=Fisher | password=w*DMuug#!2 | day=14 | month=09 | year=1980 | address=746 Anthony Alley Suite 343
Mclaughlinberg, NV 52250 | company=courtney...</msg>
<var>&amp;{DICT}</var>
<arg>${file}</arg>
<status status="PASS" start="2024-10-04T10:55:19.554955" elapsed="0.000000"/>
</kw>
<return>
<value>&amp;{DICT}</value>
<status status="PASS" start="2024-10-04T10:55:19.554955" elapsed="0.000000"/>
</return>
<msg time="2024-10-04T10:55:19.554955" level="INFO">&amp;{USER} = { name=Erin Fuller | email=misty40@example.org | lastname=Fisher | password=w*DMuug#!2 | day=14 | month=09 | year=1980 | address=746 Anthony Alley Suite 343
Mclaughlinberg, NV 52250 | company=courtney...</msg>
<var>&amp;{USER}</var>
<arg>Client-${data}.txt</arg>
<status status="PASS" start="2024-10-04T10:55:19.553895" elapsed="0.001060"/>
</kw>
<kw name="Log To Console" owner="BuiltIn">
<arg>${USER}</arg>
<doc>Logs the given message to the console.</doc>
<status status="PASS" start="2024-10-04T10:55:19.554955" elapsed="0.000000"/>
</kw>
<kw name="Set Global Variable" owner="BuiltIn">
<msg time="2024-10-04T10:55:19.554955" level="INFO">&amp;{USER} = { name=Erin Fuller | email=misty40@example.org | lastname=Fisher | password=w*DMuug#!2 | day=14 | month=09 | year=1980 | address=746 Anthony Alley Suite 343
Mclaughlinberg, NV 52250 | company=courtney...</msg>
<arg>&amp;{USER}</arg>
<doc>Makes a variable available globally in all tests and suites.</doc>
<status status="PASS" start="2024-10-04T10:55:19.554955" elapsed="0.000000"/>
</kw>
<kw name="Set Variable" owner="BuiltIn">
<msg time="2024-10-04T10:55:19.554955" level="INFO">${usuario} = misty40@example.org</msg>
<var>${usuario}</var>
<arg>${USER.email}</arg>
<doc>Returns the given values which can then be assigned to a variables.</doc>
<status status="PASS" start="2024-10-04T10:55:19.554955" elapsed="0.000000"/>
</kw>
<kw name="Set Variable" owner="BuiltIn">
<msg time="2024-10-04T10:55:19.554955" level="INFO">${senha} = w*DMuug#!2</msg>
<var>${senha}</var>
<arg>${USER.password}</arg>
<doc>Returns the given values which can then be assigned to a variables.</doc>
<status status="PASS" start="2024-10-04T10:55:19.554955" elapsed="0.000000"/>
</kw>
<kw name="Set Global Variable" owner="BuiltIn">
<msg time="2024-10-04T10:55:19.554955" level="INFO">${usuario} = misty40@example.org</msg>
<arg>${usuario}</arg>
<doc>Makes a variable available globally in all tests and suites.</doc>
<status status="PASS" start="2024-10-04T10:55:19.554955" elapsed="0.000000"/>
</kw>
<kw name="Set Global Variable" owner="BuiltIn">
<msg time="2024-10-04T10:55:19.554955" level="INFO">${senha} = w*DMuug#!2</msg>
<arg>${senha}</arg>
<doc>Makes a variable available globally in all tests and suites.</doc>
<status status="PASS" start="2024-10-04T10:55:19.554955" elapsed="0.000000"/>
</kw>
<kw name="Login in" owner="functionals">
<kw name="Input Text" owner="SeleniumLibrary">
<msg time="2024-10-04T10:55:19.554955" level="INFO">Typing text 'misty40@example.org' into text field 'id=email'.</msg>
<arg>${InputEmailSignIn}</arg>
<arg>${USER}</arg>
<doc>Types the given ``text`` into the text field identified by ``locator``.</doc>
<status status="PASS" start="2024-10-04T10:55:19.554955" elapsed="0.159730"/>
</kw>
<kw name="Input Text" owner="SeleniumLibrary">
<msg time="2024-10-04T10:55:19.714685" level="INFO">Typing text 'w*DMuug#!2' into text field 'xpath= //input[contains(@type,'password')]'.</msg>
<arg>${InputPasswordSignIn}</arg>
<arg>${SENHA}</arg>
<doc>Types the given ``text`` into the text field identified by ``locator``.</doc>
<status status="PASS" start="2024-10-04T10:55:19.714685" elapsed="0.102581"/>
</kw>
<arg>${usuario}</arg>
<arg>${senha}</arg>
<status status="PASS" start="2024-10-04T10:55:19.554955" elapsed="0.262311"/>
</kw>
<status status="PASS" start="2024-10-04T10:55:19.553895" elapsed="0.263371"/>
</kw>
<kw name="Then When you click on the “Sign In” button, you must log in successfully." owner="tests_steps">
<kw name="Click Element" owner="SeleniumLibrary">
<msg time="2024-10-04T10:55:19.820351" level="INFO">Clicking element 'xpath= //span[contains(.,'Sign in')]'.</msg>
<arg>${ButtonSignIn}</arg>
<doc>Click the element identified by ``locator``.</doc>
<status status="PASS" start="2024-10-04T10:55:19.820130" elapsed="1.243406"/>
</kw>
<status status="PASS" start="2024-10-04T10:55:19.817266" elapsed="1.247274"/>
</kw>
<kw name="Wait Until Element Is Visible" owner="SeleniumLibrary">
<arg>//span[contains(.,'${USER.name} ${USER.lastname}')]</arg>
<doc>Waits until the element ``locator`` is visible.</doc>
<status status="PASS" start="2024-10-04T10:55:21.064540" elapsed="0.021941"/>
</kw>
<status status="PASS" start="2024-10-04T10:55:17.605195" elapsed="3.481286"/>
</kw>
<kw name="When I click on the search field “Search”" owner="tests_steps">
<kw name="Click Element" owner="SeleniumLibrary">
<msg time="2024-10-04T10:55:21.088458" level="INFO">Clicking element 'xpath= //input[@class='search_query form-control ac_input'][contains(@id,'top')]'.</msg>
<arg>${InputSearch}</arg>
<doc>Click the element identified by ``locator``.</doc>
<status status="PASS" start="2024-10-04T10:55:21.088458" elapsed="0.063275"/>
</kw>
<status status="PASS" start="2024-10-04T10:55:21.088458" elapsed="0.063275"/>
</kw>
<kw name="And I enter the name of the product I am looking for" owner="tests_steps">
<kw name="Input Text" owner="SeleniumLibrary">
<msg time="2024-10-04T10:55:21.153048" level="INFO">Typing text 'DRESSES' into text field 'xpath= //input[@class='search_query form-control ac_input'][contains(@id,'top')]'.</msg>
<arg>${InputSearch}</arg>
<arg>${PRODUCT}</arg>
<doc>Types the given ``text`` into the text field identified by ``locator``.</doc>
<status status="PASS" start="2024-10-04T10:55:21.153048" elapsed="0.074370"/>
</kw>
<status status="PASS" start="2024-10-04T10:55:21.151733" elapsed="0.075685"/>
</kw>
<kw name=" And click on the “submit search” button" owner="tests_steps">
<kw name="Click Element" owner="SeleniumLibrary">
<msg time="2024-10-04T10:55:21.229487" level="INFO">Clicking element 'xpath= //button[@type='submit'][contains(.,'Search')]'.</msg>
<arg>${ButtonSearch}</arg>
<doc>Click the element identified by ``locator``.</doc>
<status status="PASS" start="2024-10-04T10:55:21.228428" elapsed="1.447971"/>
</kw>
<status status="PASS" start="2024-10-04T10:55:21.228428" elapsed="1.447971"/>
</kw>
<kw name="Then The system should show me what I searched for" owner="tests_steps">
<kw name="Page Should Contain Element" owner="SeleniumLibrary">
<msg time="2024-10-04T10:55:22.690527" level="INFO">Current page contains element 'xpath= //span[@class='lighter'][contains(.,'"DRESSES"')]'.</msg>
<arg>${ProductVerification}</arg>
<doc>Verifies that element ``locator`` is found on the current page.</doc>
<status status="PASS" start="2024-10-04T10:55:22.676399" elapsed="0.015160"/>
</kw>
<status status="PASS" start="2024-10-04T10:55:22.676399" elapsed="0.015160"/>
</kw>
<kw name="Fechar Browser" owner="functionals" type="TEARDOWN">
<kw name="Capture Page Screenshot" owner="SeleniumLibrary">
<msg time="2024-10-04T10:55:22.839077" level="INFO" html="true">&lt;/td&gt;&lt;/tr&gt;&lt;tr&gt;&lt;td colspan="3"&gt;&lt;a href="selenium-screenshot-3.png"&gt;&lt;img src="selenium-screenshot-3.png" width="800px"&gt;&lt;/a&gt;</msg>
<doc>Takes a screenshot of the current page and embeds it into a log file.</doc>
<status status="PASS" start="2024-10-04T10:55:22.692527" elapsed="0.146550"/>
</kw>
<kw name="Close Browser" owner="SeleniumLibrary">
<doc>Closes the current browser.</doc>
<status status="PASS" start="2024-10-04T10:55:22.839077" elapsed="2.195463"/>
</kw>
<status status="PASS" start="2024-10-04T10:55:22.691559" elapsed="2.342981"/>
</kw>
<kw name="Stop Recording Test" owner="AutoRecorder">
<msg time="2024-10-04T10:55:25.088090" level="INFO" html="true">&lt;a href="recording_3.webm"&gt;&lt;video width="800px" autoplay&gt;&lt;source src="recording_3.webm" type="video/webm"&gt;&lt;/video&gt;&lt;/a&gt;</msg>
<arg>CT003 - Successfully search for a product</arg>
<doc>There is no need to execute this keyword manually.</doc>
<status status="PASS" start="2024-10-04T10:55:25.034540" elapsed="0.053550"/>
</kw>
<status status="PASS" start="2024-10-04T10:55:08.210218" elapsed="16.824322"/>
</test>
<test id="s1-t4" name="CT004 - make a complaint by contacting us" line="31">
<kw name="Abrir Browser" owner="functionals" type="SETUP">
<kw name="Open Browser" owner="SeleniumLibrary">
<msg time="2024-10-04T10:55:27.187943" level="INFO">Opening browser 'chrome' to base url 'None'.</msg>
<arg>browser=chrome</arg>
<arg>options=add_experimental_option("detach", True)</arg>
<doc>Opens a new browser instance to the optional ``url``.</doc>
<status status="PASS" start="2024-10-04T10:55:27.187943" elapsed="1.403802"/>
</kw>
<kw name="Go To" owner="SeleniumLibrary">
<msg time="2024-10-04T10:55:28.591745" level="INFO">Opening url 'http://www.automationpractice.pl/index.php'</msg>
<arg>${HOME_PAGE}</arg>
<doc>Navigates the current browser window to the provided ``url``.</doc>
<status status="PASS" start="2024-10-04T10:55:28.591745" elapsed="6.129749"/>
</kw>
<kw name="Maximize Browser Window" owner="SeleniumLibrary">
<doc>Maximizes current browser window.</doc>
<status status="PASS" start="2024-10-04T10:55:34.722573" elapsed="0.039798"/>
</kw>
<kw name="Get Current Date" owner="DateTime">
<msg time="2024-10-04T10:55:34.762371" level="INFO">${data} = 04-10-2024</msg>
<var>${data}</var>
<arg>result_format=%d-%m-%Y</arg>
<doc>Returns current local or UTC time with an optional increment.</doc>
<status status="PASS" start="2024-10-04T10:55:34.762371" elapsed="0.000000"/>
</kw>
<kw name="Set Global Variable" owner="BuiltIn">
<msg time="2024-10-04T10:55:34.762371" level="INFO">${data} = 04-10-2024</msg>
<arg>${data}</arg>
<doc>Makes a variable available globally in all tests and suites.</doc>
<status status="PASS" start="2024-10-04T10:55:34.762371" elapsed="0.000000"/>
</kw>
<status status="PASS" start="2024-10-04T10:55:27.187943" elapsed="7.574428"/>
</kw>
<kw name="Given I'm on the home page logged in" owner="tests_steps">
<kw name="Given that I'm on the home page, and I'm not logged in" owner="tests_steps">
<kw name="Go To" owner="SeleniumLibrary">
<msg time="2024-10-04T10:55:34.765444" level="INFO">Opening url 'http://www.automationpractice.pl/index.php'</msg>
<arg>${HOME_PAGE}</arg>
<doc>Navigates the current browser window to the provided ``url``.</doc>
<status status="PASS" start="2024-10-04T10:55:34.762371" elapsed="0.625529"/>
</kw>
<kw name="Maximize Browser Window" owner="SeleniumLibrary">
<doc>Maximizes current browser window.</doc>
<status status="PASS" start="2024-10-04T10:55:35.387900" elapsed="0.010103"/>
</kw>
<status status="PASS" start="2024-10-04T10:55:34.762371" elapsed="0.635632"/>
</kw>
<kw name="When I click on “Sign In”" owner="tests_steps">
<kw name="Click Element" owner="SeleniumLibrary">
<msg time="2024-10-04T10:55:35.399013" level="INFO">Clicking element 'xpath= //a[@class='login'][contains(.,'Sign in')]'.</msg>
<arg>${SignIn}</arg>
<doc>Click the element identified by ``locator``.</doc>
<status status="PASS" start="2024-10-04T10:55:35.399013" elapsed="1.430958"/>
</kw>
<status status="PASS" start="2024-10-04T10:55:35.398003" elapsed="1.433203"/>
</kw>
<kw name="And I am redirected to the login and registration page" owner="tests_steps">
<kw name="Wait Until Element Is Visible" owner="SeleniumLibrary">
<arg>${PageTitle}</arg>
<doc>Waits until the element ``locator`` is visible.</doc>
<status status="PASS" start="2024-10-04T10:55:36.831206" elapsed="0.029608"/>
</kw>
<status status="PASS" start="2024-10-04T10:55:36.831206" elapsed="0.030969"/>
</kw>
<kw name="And I enter your email and password correctly" owner="tests_steps">
<kw name="Uses Mass of Data" owner="functionals">
<kw name="Get File" owner="OperatingSystem">
<msg time="2024-10-04T10:55:36.862175" level="INFO" html="true">Getting file '&lt;a href="file://C:\Users\Admin\OneDrive\Área de Trabalho\challengeRobot_test-automation-main\framework\Files\Client-04-10-2024.txt"&gt;C:\Users\Admin\OneDrive\Área de Trabalho\challengeRobot_test-automation-main\framework\Files\Client-04-10-2024.txt&lt;/a&gt;'.</msg>
<msg time="2024-10-04T10:55:36.862175" level="INFO">${file} = name=Erin Fuller;email=misty40@example.org;lastname=Fisher;password=w*DMuug#!2;day=14;month=09;year=1980;address=746 Anthony Alley Suite 343
Mclaughlinberg, NV 52250;company=courtneyfoley;city=Roberts...</msg>
<var>${file}</var>
<arg>./framework/Files/${fileName}</arg>
<doc>Returns the contents of a specified file.</doc>
<status status="PASS" start="2024-10-04T10:55:36.862175" elapsed="0.000000"/>
</kw>
<kw name="Txt To Dict" owner="generator">
<msg time="2024-10-04T10:55:36.862175" level="INFO">&amp;{DICT} = { name=Erin Fuller | email=misty40@example.org | lastname=Fisher | password=w*DMuug#!2 | day=14 | month=09 | year=1980 | address=746 Anthony Alley Suite 343
Mclaughlinberg, NV 52250 | company=courtney...</msg>
<var>&amp;{DICT}</var>
<arg>${file}</arg>
<status status="PASS" start="2024-10-04T10:55:36.862175" elapsed="0.000000"/>
</kw>
<return>
<value>&amp;{DICT}</value>
<status status="PASS" start="2024-10-04T10:55:36.862175" elapsed="0.000000"/>
</return>
<msg time="2024-10-04T10:55:36.862175" level="INFO">&amp;{USER} = { name=Erin Fuller | email=misty40@example.org | lastname=Fisher | password=w*DMuug#!2 | day=14 | month=09 | year=1980 | address=746 Anthony Alley Suite 343
Mclaughlinberg, NV 52250 | company=courtney...</msg>
<var>&amp;{USER}</var>
<arg>Client-${data}.txt</arg>
<status status="PASS" start="2024-10-04T10:55:36.862175" elapsed="0.000000"/>
</kw>
<kw name="Log To Console" owner="BuiltIn">
<arg>${USER}</arg>
<doc>Logs the given message to the console.</doc>
<status status="PASS" start="2024-10-04T10:55:36.862175" elapsed="0.000000"/>
</kw>
<kw name="Set Global Variable" owner="BuiltIn">
<msg time="2024-10-04T10:55:36.862175" level="INFO">&amp;{USER} = { name=Erin Fuller | email=misty40@example.org | lastname=Fisher | password=w*DMuug#!2 | day=14 | month=09 | year=1980 | address=746 Anthony Alley Suite 343
Mclaughlinberg, NV 52250 | company=courtney...</msg>
<arg>&amp;{USER}</arg>
<doc>Makes a variable available globally in all tests and suites.</doc>
<status status="PASS" start="2024-10-04T10:55:36.862175" elapsed="0.000000"/>
</kw>
<kw name="Set Variable" owner="BuiltIn">
<msg time="2024-10-04T10:55:36.862175" level="INFO">${usuario} = misty40@example.org</msg>
<var>${usuario}</var>
<arg>${USER.email}</arg>
<doc>Returns the given values which can then be assigned to a variables.</doc>
<status status="PASS" start="2024-10-04T10:55:36.862175" elapsed="0.000000"/>
</kw>
<kw name="Set Variable" owner="BuiltIn">
<msg time="2024-10-04T10:55:36.862175" level="INFO">${senha} = w*DMuug#!2</msg>
<var>${senha}</var>
<arg>${USER.password}</arg>
<doc>Returns the given values which can then be assigned to a variables.</doc>
<status status="PASS" start="2024-10-04T10:55:36.862175" elapsed="0.000000"/>
</kw>
<kw name="Set Global Variable" owner="BuiltIn">
<msg time="2024-10-04T10:55:36.862175" level="INFO">${usuario} = misty40@example.org</msg>
<arg>${usuario}</arg>
<doc>Makes a variable available globally in all tests and suites.</doc>
<status status="PASS" start="2024-10-04T10:55:36.862175" elapsed="0.000000"/>
</kw>
<kw name="Set Global Variable" owner="BuiltIn">
<msg time="2024-10-04T10:55:36.862175" level="INFO">${senha} = w*DMuug#!2</msg>
<arg>${senha}</arg>
<doc>Makes a variable available globally in all tests and suites.</doc>
<status status="PASS" start="2024-10-04T10:55:36.862175" elapsed="0.000000"/>
</kw>
<kw name="Login in" owner="functionals">
<kw name="Input Text" owner="SeleniumLibrary">
<msg time="2024-10-04T10:55:36.862175" level="INFO">Typing text 'misty40@example.org' into text field 'id=email'.</msg>
<arg>${InputEmailSignIn}</arg>
<arg>${USER}</arg>
<doc>Types the given ``text`` into the text field identified by ``locator``.</doc>
<status status="PASS" start="2024-10-04T10:55:36.862175" elapsed="0.195602"/>
</kw>
<kw name="Input Text" owner="SeleniumLibrary">
<msg time="2024-10-04T10:55:37.058780" level="INFO">Typing text 'w*DMuug#!2' into text field 'xpath= //input[contains(@type,'password')]'.</msg>
<arg>${InputPasswordSignIn}</arg>
<arg>${SENHA}</arg>
<doc>Types the given ``text`` into the text field identified by ``locator``.</doc>
<status status="PASS" start="2024-10-04T10:55:37.057777" elapsed="0.141746"/>
</kw>
<arg>${usuario}</arg>
<arg>${senha}</arg>
<status status="PASS" start="2024-10-04T10:55:36.862175" elapsed="0.337348"/>
</kw>
<status status="PASS" start="2024-10-04T10:55:36.862175" elapsed="0.337348"/>
</kw>
<kw name="Then When you click on the “Sign In” button, you must log in successfully." owner="tests_steps">
<kw name="Click Element" owner="SeleniumLibrary">
<msg time="2024-10-04T10:55:37.199523" level="INFO">Clicking element 'xpath= //span[contains(.,'Sign in')]'.</msg>
<arg>${ButtonSignIn}</arg>
<doc>Click the element identified by ``locator``.</doc>
<status status="PASS" start="2024-10-04T10:55:37.199523" elapsed="1.268853"/>
</kw>
<status status="PASS" start="2024-10-04T10:55:37.199523" elapsed="1.268853"/>
</kw>
<kw name="Wait Until Element Is Visible" owner="SeleniumLibrary">
<arg>//span[contains(.,'${USER.name} ${USER.lastname}')]</arg>
<doc>Waits until the element ``locator`` is visible.</doc>
<status status="PASS" start="2024-10-04T10:55:38.469399" elapsed="0.025750"/>
</kw>
<status status="PASS" start="2024-10-04T10:55:34.762371" elapsed="3.732778"/>
</kw>
<kw name="When I click on “Contact us”" owner="tests_steps">
<kw name="Click Element" owner="SeleniumLibrary">
<msg time="2024-10-04T10:55:38.496653" level="INFO">Clicking element 'xpath= //a[contains(@title,'Contact us')]'.</msg>
<arg>${ContactUs}</arg>
<doc>Click the element identified by ``locator``.</doc>
<status status="PASS" start="2024-10-04T10:55:38.495149" elapsed="1.084341"/>
</kw>
<status status="PASS" start="2024-10-04T10:55:38.495149" elapsed="1.084341"/>
</kw>
<kw name="And fill in the mandatory fields" owner="tests_steps">
<kw name="Input Text" owner="SeleniumLibrary">
<msg time="2024-10-04T10:55:39.579490" level="INFO">Typing text 'test' into text field 'xpath= //textarea[@name='message']'.</msg>
<arg>${InputMessenge}</arg>
<arg>${Messenge}</arg>
<doc>Types the given ``text`` into the text field identified by ``locator``.</doc>
<status status="PASS" start="2024-10-04T10:55:39.579490" elapsed="0.124511"/>
</kw>
<kw name="Scroll Element Into View" owner="SeleniumLibrary">
<arg>${buttonSend}</arg>
<doc>Scrolls the element identified by ``locator`` into view.</doc>
<status status="PASS" start="2024-10-04T10:55:39.704704" elapsed="0.305248"/>
</kw>
<kw name="Seleciona Item Combo Box" owner="functionals">
<kw name="Set Variable" owner="BuiltIn">
<msg time="2024-10-04T10:55:40.013102" level="INFO">${item} = //option[contains(.,'Customer service')]</msg>
<var>${item}</var>
<arg>//option[contains(.,'${textItem}')]</arg>
<doc>Returns the given values which can then be assigned to a variables.</doc>
<status status="PASS" start="2024-10-04T10:55:40.013102" elapsed="0.000000"/>
</kw>
<kw name="Click Element" owner="SeleniumLibrary">
<msg time="2024-10-04T10:55:40.013641" level="INFO">Clicking element 'xpath=//select[@id='id_contact']'.</msg>
<arg>${ComboBox}</arg>
<doc>Click the element identified by ``locator``.</doc>
<status status="PASS" start="2024-10-04T10:55:40.013641" elapsed="0.078311"/>
</kw>
<kw name="Click Element" owner="SeleniumLibrary">
<msg time="2024-10-04T10:55:40.092952" level="INFO">Clicking element '//option[contains(.,'Customer service')]'.</msg>
<arg>${item}</arg>
<doc>Click the element identified by ``locator``.</doc>
<status status="PASS" start="2024-10-04T10:55:40.092594" elapsed="0.058098"/>
</kw>
<arg>${CbSubjectHeading}</arg>
<arg>Customer service</arg>
<status status="PASS" start="2024-10-04T10:55:40.009952" elapsed="0.140740"/>
</kw>
<status status="PASS" start="2024-10-04T10:55:39.579490" elapsed="0.571202"/>
</kw>
<kw name="And click on the “Send” button" owner="tests_steps">
<kw name="Click Element" owner="SeleniumLibrary">
<msg time="2024-10-04T10:55:40.152451" level="INFO">Clicking element 'xpath= //button[@id='submitMessage']'.</msg>
<arg>${buttonSend}</arg>
<doc>Click the element identified by ``locator``.</doc>
<status status="PASS" start="2024-10-04T10:55:40.152451" elapsed="5.545192"/>
</kw>
<status status="PASS" start="2024-10-04T10:55:40.150692" elapsed="5.547951"/>
</kw>
<kw name="Then My messenger should be sent, and the page should be reloaded." owner="tests_steps">
<kw name="Page Should Contain" owner="SeleniumLibrary">
<msg time="2024-10-04T10:55:45.754359" level="INFO">Current page contains text 'Your message has been successfully sent to our team.'.</msg>
<arg>${messageSendingConfirmation}</arg>
<doc>Verifies that current page contains ``text``.</doc>
<status status="PASS" start="2024-10-04T10:55:45.698643" elapsed="0.055716"/>
</kw>
<status status="PASS" start="2024-10-04T10:55:45.698643" elapsed="0.056714"/>
</kw>
<kw name="Fechar Browser" owner="functionals" type="TEARDOWN">
<kw name="Capture Page Screenshot" owner="SeleniumLibrary">
<msg time="2024-10-04T10:55:45.895783" level="INFO" html="true">&lt;/td&gt;&lt;/tr&gt;&lt;tr&gt;&lt;td colspan="3"&gt;&lt;a href="selenium-screenshot-4.png"&gt;&lt;img src="selenium-screenshot-4.png" width="800px"&gt;&lt;/a&gt;</msg>
<doc>Takes a screenshot of the current page and embeds it into a log file.</doc>
<status status="PASS" start="2024-10-04T10:55:45.755357" elapsed="0.140426"/>
</kw>
<kw name="Close Browser" owner="SeleniumLibrary">
<doc>Closes the current browser.</doc>
<status status="PASS" start="2024-10-04T10:55:45.895783" elapsed="2.281720"/>
</kw>
<status status="PASS" start="2024-10-04T10:55:45.755357" elapsed="2.422146"/>
</kw>
<kw name="Stop Recording Test" owner="AutoRecorder">
<msg time="2024-10-04T10:55:48.240347" level="INFO" html="true">&lt;a href="recording_4.webm"&gt;&lt;video width="800px" autoplay&gt;&lt;source src="recording_4.webm" type="video/webm"&gt;&lt;/video&gt;&lt;/a&gt;</msg>
<arg>CT004 - make a complaint by contacting us</arg>
<doc>There is no need to execute this keyword manually.</doc>
<status status="PASS" start="2024-10-04T10:55:48.177503" elapsed="0.062844"/>
</kw>
<status status="PASS" start="2024-10-04T10:55:25.088090" elapsed="23.089413"/>
</test>
<test id="s1-t5" name="CT005 - Successfully register my address" line="38">
<kw name="Abrir Browser" owner="functionals" type="SETUP">
<kw name="Open Browser" owner="SeleniumLibrary">
<msg time="2024-10-04T10:55:50.431885" level="INFO">Opening browser 'chrome' to base url 'None'.</msg>
<arg>browser=chrome</arg>
<arg>options=add_experimental_option("detach", True)</arg>
<doc>Opens a new browser instance to the optional ``url``.</doc>
<status status="PASS" start="2024-10-04T10:55:50.431885" elapsed="1.368934"/>
</kw>
<kw name="Go To" owner="SeleniumLibrary">
<msg time="2024-10-04T10:55:51.800819" level="INFO">Opening url 'http://www.automationpractice.pl/index.php'</msg>
<arg>${HOME_PAGE}</arg>
<doc>Navigates the current browser window to the provided ``url``.</doc>
<status status="PASS" start="2024-10-04T10:55:51.800819" elapsed="5.674040"/>
</kw>
<kw name="Maximize Browser Window" owner="SeleniumLibrary">
<doc>Maximizes current browser window.</doc>
<status status="PASS" start="2024-10-04T10:55:57.474859" elapsed="0.039721"/>
</kw>
<kw name="Get Current Date" owner="DateTime">
<msg time="2024-10-04T10:55:57.515580" level="INFO">${data} = 04-10-2024</msg>
<var>${data}</var>
<arg>result_format=%d-%m-%Y</arg>
<doc>Returns current local or UTC time with an optional increment.</doc>
<status status="PASS" start="2024-10-04T10:55:57.514580" elapsed="0.001000"/>
</kw>
<kw name="Set Global Variable" owner="BuiltIn">
<msg time="2024-10-04T10:55:57.515580" level="INFO">${data} = 04-10-2024</msg>
<arg>${data}</arg>
<doc>Makes a variable available globally in all tests and suites.</doc>
<status status="PASS" start="2024-10-04T10:55:57.515580" elapsed="0.000000"/>
</kw>
<status status="PASS" start="2024-10-04T10:55:50.431885" elapsed="7.083695"/>
</kw>
<kw name="Given I'm on the home page logged in" owner="tests_steps">
<kw name="Given that I'm on the home page, and I'm not logged in" owner="tests_steps">
<kw name="Go To" owner="SeleniumLibrary">
<msg time="2024-10-04T10:55:57.517096" level="INFO">Opening url 'http://www.automationpractice.pl/index.php'</msg>
<arg>${HOME_PAGE}</arg>
<doc>Navigates the current browser window to the provided ``url``.</doc>
<status status="PASS" start="2024-10-04T10:55:57.517096" elapsed="0.541264"/>
</kw>
<kw name="Maximize Browser Window" owner="SeleniumLibrary">
<doc>Maximizes current browser window.</doc>
<status status="PASS" start="2024-10-04T10:55:58.058360" elapsed="0.003508"/>
</kw>
<status status="PASS" start="2024-10-04T10:55:57.517096" elapsed="0.544772"/>
</kw>
<kw name="When I click on “Sign In”" owner="tests_steps">
<kw name="Click Element" owner="SeleniumLibrary">
<msg time="2024-10-04T10:55:58.062870" level="INFO">Clicking element 'xpath= //a[@class='login'][contains(.,'Sign in')]'.</msg>
<arg>${SignIn}</arg>
<doc>Click the element identified by ``locator``.</doc>
<status status="PASS" start="2024-10-04T10:55:58.062870" elapsed="1.434270"/>
</kw>
<status status="PASS" start="2024-10-04T10:55:58.062870" elapsed="1.434270"/>
</kw>
<kw name="And I am redirected to the login and registration page" owner="tests_steps">
<kw name="Wait Until Element Is Visible" owner="SeleniumLibrary">
<arg>${PageTitle}</arg>
<doc>Waits until the element ``locator`` is visible.</doc>
<status status="PASS" start="2024-10-04T10:55:59.497140" elapsed="0.032085"/>
</kw>
<status status="PASS" start="2024-10-04T10:55:59.497140" elapsed="0.032085"/>
</kw>
<kw name="And I enter your email and password correctly" owner="tests_steps">
<kw name="Uses Mass of Data" owner="functionals">
<kw name="Get File" owner="OperatingSystem">
<msg time="2024-10-04T10:55:59.529730" level="INFO" html="true">Getting file '&lt;a href="file://C:\Users\Admin\OneDrive\Área de Trabalho\challengeRobot_test-automation-main\framework\Files\Client-04-10-2024.txt"&gt;C:\Users\Admin\OneDrive\Área de Trabalho\challengeRobot_test-automation-main\framework\Files\Client-04-10-2024.txt&lt;/a&gt;'.</msg>
<msg time="2024-10-04T10:55:59.529730" level="INFO">${file} = name=Erin Fuller;email=misty40@example.org;lastname=Fisher;password=w*DMuug#!2;day=14;month=09;year=1980;address=746 Anthony Alley Suite 343
Mclaughlinberg, NV 52250;company=courtneyfoley;city=Roberts...</msg>
<var>${file}</var>
<arg>./framework/Files/${fileName}</arg>
<doc>Returns the contents of a specified file.</doc>
<status status="PASS" start="2024-10-04T10:55:59.529730" elapsed="0.000000"/>
</kw>
<kw name="Txt To Dict" owner="generator">
<msg time="2024-10-04T10:55:59.529730" level="INFO">&amp;{DICT} = { name=Erin Fuller | email=misty40@example.org | lastname=Fisher | password=w*DMuug#!2 | day=14 | month=09 | year=1980 | address=746 Anthony Alley Suite 343
Mclaughlinberg, NV 52250 | company=courtney...</msg>
<var>&amp;{DICT}</var>
<arg>${file}</arg>
<status status="PASS" start="2024-10-04T10:55:59.529730" elapsed="0.000000"/>
</kw>
<return>
<value>&amp;{DICT}</value>
<status status="PASS" start="2024-10-04T10:55:59.529730" elapsed="0.000000"/>
</return>
<msg time="2024-10-04T10:55:59.529730" level="INFO">&amp;{USER} = { name=Erin Fuller | email=misty40@example.org | lastname=Fisher | password=w*DMuug#!2 | day=14 | month=09 | year=1980 | address=746 Anthony Alley Suite 343
Mclaughlinberg, NV 52250 | company=courtney...</msg>
<var>&amp;{USER}</var>
<arg>Client-${data}.txt</arg>
<status status="PASS" start="2024-10-04T10:55:59.529730" elapsed="0.000000"/>
</kw>
<kw name="Log To Console" owner="BuiltIn">
<arg>${USER}</arg>
<doc>Logs the given message to the console.</doc>
<status status="PASS" start="2024-10-04T10:55:59.529730" elapsed="0.000000"/>
</kw>
<kw name="Set Global Variable" owner="BuiltIn">
<msg time="2024-10-04T10:55:59.529730" level="INFO">&amp;{USER} = { name=Erin Fuller | email=misty40@example.org | lastname=Fisher | password=w*DMuug#!2 | day=14 | month=09 | year=1980 | address=746 Anthony Alley Suite 343
Mclaughlinberg, NV 52250 | company=courtney...</msg>
<arg>&amp;{USER}</arg>
<doc>Makes a variable available globally in all tests and suites.</doc>
<status status="PASS" start="2024-10-04T10:55:59.529730" elapsed="0.000000"/>
</kw>
<kw name="Set Variable" owner="BuiltIn">
<msg time="2024-10-04T10:55:59.534532" level="INFO">${usuario} = misty40@example.org</msg>
<var>${usuario}</var>
<arg>${USER.email}</arg>
<doc>Returns the given values which can then be assigned to a variables.</doc>
<status status="PASS" start="2024-10-04T10:55:59.529730" elapsed="0.004802"/>
</kw>
<kw name="Set Variable" owner="BuiltIn">
<msg time="2024-10-04T10:55:59.534532" level="INFO">${senha} = w*DMuug#!2</msg>
<var>${senha}</var>
<arg>${USER.password}</arg>
<doc>Returns the given values which can then be assigned to a variables.</doc>
<status status="PASS" start="2024-10-04T10:55:59.534532" elapsed="0.000000"/>
</kw>
<kw name="Set Global Variable" owner="BuiltIn">
<msg time="2024-10-04T10:55:59.534532" level="INFO">${usuario} = misty40@example.org</msg>
<arg>${usuario}</arg>
<doc>Makes a variable available globally in all tests and suites.</doc>
<status status="PASS" start="2024-10-04T10:55:59.534532" elapsed="0.000000"/>
</kw>
<kw name="Set Global Variable" owner="BuiltIn">
<msg time="2024-10-04T10:55:59.534532" level="INFO">${senha} = w*DMuug#!2</msg>
<arg>${senha}</arg>
<doc>Makes a variable available globally in all tests and suites.</doc>
<status status="PASS" start="2024-10-04T10:55:59.534532" elapsed="0.000000"/>
</kw>
<kw name="Login in" owner="functionals">
<kw name="Input Text" owner="SeleniumLibrary">
<msg time="2024-10-04T10:55:59.534532" level="INFO">Typing text 'misty40@example.org' into text field 'id=email'.</msg>
<arg>${InputEmailSignIn}</arg>
<arg>${USER}</arg>
<doc>Types the given ``text`` into the text field identified by ``locator``.</doc>
<status status="PASS" start="2024-10-04T10:55:59.534532" elapsed="0.157450"/>
</kw>
<kw name="Input Text" owner="SeleniumLibrary">
<msg time="2024-10-04T10:55:59.692978" level="INFO">Typing text 'w*DMuug#!2' into text field 'xpath= //input[contains(@type,'password')]'.</msg>
<arg>${InputPasswordSignIn}</arg>
<arg>${SENHA}</arg>
<doc>Types the given ``text`` into the text field identified by ``locator``.</doc>
<status status="PASS" start="2024-10-04T10:55:59.691982" elapsed="0.102252"/>
</kw>
<arg>${usuario}</arg>
<arg>${senha}</arg>
<status status="PASS" start="2024-10-04T10:55:59.534532" elapsed="0.259702"/>
</kw>
<status status="PASS" start="2024-10-04T10:55:59.529730" elapsed="0.264504"/>
</kw>
<kw name="Then When you click on the “Sign In” button, you must log in successfully." owner="tests_steps">
<kw name="Click Element" owner="SeleniumLibrary">
<msg time="2024-10-04T10:55:59.796231" level="INFO">Clicking element 'xpath= //span[contains(.,'Sign in')]'.</msg>
<arg>${ButtonSignIn}</arg>
<doc>Click the element identified by ``locator``.</doc>
<status status="PASS" start="2024-10-04T10:55:59.795231" elapsed="1.172739"/>
</kw>
<status status="PASS" start="2024-10-04T10:55:59.795231" elapsed="1.172739"/>
</kw>
<kw name="Wait Until Element Is Visible" owner="SeleniumLibrary">
<arg>//span[contains(.,'${USER.name} ${USER.lastname}')]</arg>
<doc>Waits until the element ``locator`` is visible.</doc>
<status status="PASS" start="2024-10-04T10:56:00.967970" elapsed="0.022712"/>
</kw>
<status status="PASS" start="2024-10-04T10:55:57.516694" elapsed="3.476611"/>
</kw>
<kw name="When I click on my name" owner="tests_steps">
<kw name="Click Element" owner="SeleniumLibrary">
<msg time="2024-10-04T10:56:00.994888" level="INFO">Clicking element '//span[contains(.,'Erin Fuller Fisher')]'.</msg>
<arg>//span[contains(.,'${USER.name} ${USER.lastname}')]</arg>
<doc>Click the element identified by ``locator``.</doc>
<status status="PASS" start="2024-10-04T10:56:00.993305" elapsed="0.568999"/>
</kw>
<status status="PASS" start="2024-10-04T10:56:00.993305" elapsed="0.570467"/>
</kw>
<kw name="And I click on the “Add my first address” menu" owner="tests_steps" source_name="And I click on the “${menu}” menu">
<kw name="Click Element" owner="SeleniumLibrary">
<msg time="2024-10-04T10:56:01.564907" level="INFO">Clicking element '//span[contains(.,'Add my first address')]'.</msg>
<arg>//span[contains(.,'${menu}')]</arg>
<doc>Click the element identified by ``locator``.</doc>
<status status="PASS" start="2024-10-04T10:56:01.563772" elapsed="1.136495"/>
</kw>
<status status="PASS" start="2024-10-04T10:56:01.563772" elapsed="1.136495"/>
</kw>
<kw name="And I fill in all my address details" owner="tests_steps">
<kw name="Input Text" owner="SeleniumLibrary">
<msg time="2024-10-04T10:56:02.701821" level="INFO">Typing text 'courtneyfoley' into text field 'xpath= //input[contains(@class,'form-control validate')]'.</msg>
<arg>${inputCompany}</arg>
<arg>${USER.company}</arg>
<doc>Types the given ``text`` into the text field identified by ``locator``.</doc>
<status status="PASS" start="2024-10-04T10:56:02.700796" elapsed="0.133779"/>
</kw>
<kw name="Input Text" owner="SeleniumLibrary">
<msg time="2024-10-04T10:56:02.835611" level="INFO">Typing text '746 Anthony Alley Suite 343
Mclaughlinberg, NV 52250' into text field 'xpath= //input[contains(@name,'address1')]'.</msg>
<arg>${inputAddress}</arg>
<arg>${USER.address}</arg>
<doc>Types the given ``text`` into the text field identified by ``locator``.</doc>
<status status="PASS" start="2024-10-04T10:56:02.834575" elapsed="0.855243"/>
</kw>
<kw name="Input Text" owner="SeleniumLibrary">
<msg time="2024-10-04T10:56:03.691581" level="INFO">Typing text 'Robertshire' into text field 'xpath= //input[contains(@name,'city')]'.</msg>
<arg>${inputCity}</arg>
<arg>${USER.city}</arg>
<doc>Types the given ``text`` into the text field identified by ``locator``.</doc>
<status status="PASS" start="2024-10-04T10:56:03.689818" elapsed="0.119951"/>
</kw>
<kw name="Select From List By Label" owner="SeleniumLibrary">
<msg time="2024-10-04T10:56:03.811869" level="INFO">Selecting options from selection list 'xpath= //select[@name='id_state'][contains(@id,'state')]' by label Louisiana.</msg>
<arg>${selectState}</arg>
<arg>${USER.state}</arg>
<doc>Selects options from selection list ``locator`` by ``labels``.</doc>
<status status="PASS" start="2024-10-04T10:56:03.810807" elapsed="0.095378"/>
</kw>
<kw name="Input Text" owner="SeleniumLibrary">
<msg time="2024-10-04T10:56:03.909563" level="INFO">Typing text '35720' into text field 'xpath= //input[contains(@name,'postcode')]'.</msg>
<arg>${inputPostCode}</arg>
<arg>${USER.cep}</arg>
<doc>Types the given ``text`` into the text field identified by ``locator``.</doc>
<status status="PASS" start="2024-10-04T10:56:03.909563" elapsed="0.092867"/>
</kw>
<kw name="Input Text" owner="SeleniumLibrary">
<msg time="2024-10-04T10:56:04.004337" level="INFO">Typing text '543-405-6158' into text field 'xpath= //input[@name='phone']'.</msg>
<arg>${inputHomePhone}</arg>
<arg>${USER.phoneNumber}</arg>
<doc>Types the given ``text`` into the text field identified by ``locator``.</doc>
<status status="PASS" start="2024-10-04T10:56:04.002430" elapsed="0.115697"/>
</kw>
<kw name="Input Text" owner="SeleniumLibrary">
<msg time="2024-10-04T10:56:04.118127" level="INFO">Typing text 'test' into text field 'xpath= //textarea[contains(@class,'validate form-control')]'.</msg>
<arg>${additionalInformation}</arg>
<arg>${Messenge}</arg>
<doc>Types the given ``text`` into the text field identified by ``locator``.</doc>
<status status="PASS" start="2024-10-04T10:56:04.118127" elapsed="0.096600"/>
</kw>
<status status="PASS" start="2024-10-04T10:56:02.700796" elapsed="1.513931"/>
</kw>
<kw name="Then When clicking the “Save” button, my address should be saved successfully." owner="tests_steps">
<kw name="Click Element" owner="SeleniumLibrary">
<msg time="2024-10-04T10:56:04.216132" level="INFO">Clicking element 'xpath= //button[@id='submitAddress']'.</msg>
<arg>${buttonSaveAddress}</arg>
<doc>Click the element identified by ``locator``.</doc>
<status status="PASS" start="2024-10-04T10:56:04.216132" elapsed="1.610255"/>
</kw>
<kw name="Wait Until Element Is Visible" owner="SeleniumLibrary">
<arg>${textAddAddress}</arg>
<doc>Waits until the element ``locator`` is visible.</doc>
<status status="PASS" start="2024-10-04T10:56:05.826387" elapsed="0.023350"/>
</kw>
<status status="PASS" start="2024-10-04T10:56:04.216132" elapsed="1.633605"/>
</kw>
<kw name="Fechar Browser" owner="functionals" type="TEARDOWN">
<kw name="Capture Page Screenshot" owner="SeleniumLibrary">
<msg time="2024-10-04T10:56:05.991876" level="INFO" html="true">&lt;/td&gt;&lt;/tr&gt;&lt;tr&gt;&lt;td colspan="3"&gt;&lt;a href="selenium-screenshot-5.png"&gt;&lt;img src="selenium-screenshot-5.png" width="800px"&gt;&lt;/a&gt;</msg>
<doc>Takes a screenshot of the current page and embeds it into a log file.</doc>
<status status="PASS" start="2024-10-04T10:56:05.852284" elapsed="0.139592"/>
</kw>
<kw name="Close Browser" owner="SeleniumLibrary">
<doc>Closes the current browser.</doc>
<status status="PASS" start="2024-10-04T10:56:05.991876" elapsed="2.185906"/>
</kw>
<status status="PASS" start="2024-10-04T10:56:05.852284" elapsed="2.325498"/>
</kw>
<kw name="Stop Recording Test" owner="AutoRecorder">
<msg time="2024-10-04T10:56:08.264111" level="INFO" html="true">&lt;a href="recording_5.webm"&gt;&lt;video width="800px" autoplay&gt;&lt;source src="recording_5.webm" type="video/webm"&gt;&lt;/video&gt;&lt;/a&gt;</msg>
<arg>CT005 - Successfully register my address</arg>
<doc>There is no need to execute this keyword manually.</doc>
<status status="PASS" start="2024-10-04T10:56:08.177782" elapsed="0.086329"/>
</kw>
<status status="PASS" start="2024-10-04T10:55:48.240347" elapsed="19.937435"/>
</test>
<test id="s1-t6" name="CT006 - Change my address successfully" line="45">
<kw name="Abrir Browser" owner="functionals" type="SETUP">
<kw name="Open Browser" owner="SeleniumLibrary">
<msg time="2024-10-04T10:56:10.381528" level="INFO">Opening browser 'chrome' to base url 'None'.</msg>
<arg>browser=chrome</arg>
<arg>options=add_experimental_option("detach", True)</arg>
<doc>Opens a new browser instance to the optional ``url``.</doc>
<status status="PASS" start="2024-10-04T10:56:10.381528" elapsed="1.504888"/>
</kw>
<kw name="Go To" owner="SeleniumLibrary">
<msg time="2024-10-04T10:56:11.887421" level="INFO">Opening url 'http://www.automationpractice.pl/index.php'</msg>
<arg>${HOME_PAGE}</arg>
<doc>Navigates the current browser window to the provided ``url``.</doc>
<status status="PASS" start="2024-10-04T10:56:11.886416" elapsed="6.176659"/>
</kw>
<kw name="Maximize Browser Window" owner="SeleniumLibrary">
<doc>Maximizes current browser window.</doc>
<status status="PASS" start="2024-10-04T10:56:18.063075" elapsed="0.039327"/>
</kw>
<kw name="Get Current Date" owner="DateTime">
<msg time="2024-10-04T10:56:18.103536" level="INFO">${data} = 04-10-2024</msg>
<var>${data}</var>
<arg>result_format=%d-%m-%Y</arg>
<doc>Returns current local or UTC time with an optional increment.</doc>
<status status="PASS" start="2024-10-04T10:56:18.102402" elapsed="0.001134"/>
</kw>
<kw name="Set Global Variable" owner="BuiltIn">
<msg time="2024-10-04T10:56:18.103536" level="INFO">${data} = 04-10-2024</msg>
<arg>${data}</arg>
<doc>Makes a variable available globally in all tests and suites.</doc>
<status status="PASS" start="2024-10-04T10:56:18.103536" elapsed="0.000000"/>
</kw>
<status status="PASS" start="2024-10-04T10:56:10.381528" elapsed="7.722008"/>
</kw>
<kw name="Given I'm on the home page logged in" owner="tests_steps">
<kw name="Given that I'm on the home page, and I'm not logged in" owner="tests_steps">
<kw name="Go To" owner="SeleniumLibrary">
<msg time="2024-10-04T10:56:18.106638" level="INFO">Opening url 'http://www.automationpractice.pl/index.php'</msg>
<arg>${HOME_PAGE}</arg>
<doc>Navigates the current browser window to the provided ``url``.</doc>
<status status="PASS" start="2024-10-04T10:56:18.106638" elapsed="0.582016"/>
</kw>
<kw name="Maximize Browser Window" owner="SeleniumLibrary">
<doc>Maximizes current browser window.</doc>
<status status="PASS" start="2024-10-04T10:56:18.688654" elapsed="0.003403"/>
</kw>
<status status="PASS" start="2024-10-04T10:56:18.106431" elapsed="0.585626"/>
</kw>
<kw name="When I click on “Sign In”" owner="tests_steps">
<kw name="Click Element" owner="SeleniumLibrary">
<msg time="2024-10-04T10:56:18.692057" level="INFO">Clicking element 'xpath= //a[@class='login'][contains(.,'Sign in')]'.</msg>
<arg>${SignIn}</arg>
<doc>Click the element identified by ``locator``.</doc>
<status status="PASS" start="2024-10-04T10:56:18.692057" elapsed="1.555355"/>
</kw>
<status status="PASS" start="2024-10-04T10:56:18.692057" elapsed="1.555355"/>
</kw>
<kw name="And I am redirected to the login and registration page" owner="tests_steps">
<kw name="Wait Until Element Is Visible" owner="SeleniumLibrary">
<arg>${PageTitle}</arg>
<doc>Waits until the element ``locator`` is visible.</doc>
<status status="PASS" start="2024-10-04T10:56:20.247412" elapsed="0.017901"/>
</kw>
<status status="PASS" start="2024-10-04T10:56:20.247412" elapsed="0.017901"/>
</kw>
<kw name="And I enter your email and password correctly" owner="tests_steps">
<kw name="Uses Mass of Data" owner="functionals">
<kw name="Get File" owner="OperatingSystem">
<msg time="2024-10-04T10:56:20.268913" level="INFO" html="true">Getting file '&lt;a href="file://C:\Users\Admin\OneDrive\Área de Trabalho\challengeRobot_test-automation-main\framework\Files\Client-04-10-2024.txt"&gt;C:\Users\Admin\OneDrive\Área de Trabalho\challengeRobot_test-automation-main\framework\Files\Client-04-10-2024.txt&lt;/a&gt;'.</msg>
<msg time="2024-10-04T10:56:20.270261" level="INFO">${file} = name=Erin Fuller;email=misty40@example.org;lastname=Fisher;password=w*DMuug#!2;day=14;month=09;year=1980;address=746 Anthony Alley Suite 343
Mclaughlinberg, NV 52250;company=courtneyfoley;city=Roberts...</msg>
<var>${file}</var>
<arg>./framework/Files/${fileName}</arg>
<doc>Returns the contents of a specified file.</doc>
<status status="PASS" start="2024-10-04T10:56:20.268913" elapsed="0.001348"/>
</kw>
<kw name="Txt To Dict" owner="generator">
<msg time="2024-10-04T10:56:20.270261" level="INFO">&amp;{DICT} = { name=Erin Fuller | email=misty40@example.org | lastname=Fisher | password=w*DMuug#!2 | day=14 | month=09 | year=1980 | address=746 Anthony Alley Suite 343
Mclaughlinberg, NV 52250 | company=courtney...</msg>
<var>&amp;{DICT}</var>
<arg>${file}</arg>
<status status="PASS" start="2024-10-04T10:56:20.270261" elapsed="0.000000"/>
</kw>
<return>
<value>&amp;{DICT}</value>
<status status="PASS" start="2024-10-04T10:56:20.270261" elapsed="0.000000"/>
</return>
<msg time="2024-10-04T10:56:20.270261" level="INFO">&amp;{USER} = { name=Erin Fuller | email=misty40@example.org | lastname=Fisher | password=w*DMuug#!2 | day=14 | month=09 | year=1980 | address=746 Anthony Alley Suite 343
Mclaughlinberg, NV 52250 | company=courtney...</msg>
<var>&amp;{USER}</var>
<arg>Client-${data}.txt</arg>
<status status="PASS" start="2024-10-04T10:56:20.268913" elapsed="0.001348"/>
</kw>
<kw name="Log To Console" owner="BuiltIn">
<arg>${USER}</arg>
<doc>Logs the given message to the console.</doc>
<status status="PASS" start="2024-10-04T10:56:20.270261" elapsed="0.001409"/>
</kw>
<kw name="Set Global Variable" owner="BuiltIn">
<msg time="2024-10-04T10:56:20.273145" level="INFO">&amp;{USER} = { name=Erin Fuller | email=misty40@example.org | lastname=Fisher | password=w*DMuug#!2 | day=14 | month=09 | year=1980 | address=746 Anthony Alley Suite 343
Mclaughlinberg, NV 52250 | company=courtney...</msg>
<arg>&amp;{USER}</arg>
<doc>Makes a variable available globally in all tests and suites.</doc>
<status status="PASS" start="2024-10-04T10:56:20.271670" elapsed="0.001475"/>
</kw>
<kw name="Set Variable" owner="BuiltIn">
<msg time="2024-10-04T10:56:20.273145" level="INFO">${usuario} = misty40@example.org</msg>
<var>${usuario}</var>
<arg>${USER.email}</arg>
<doc>Returns the given values which can then be assigned to a variables.</doc>
<status status="PASS" start="2024-10-04T10:56:20.273145" elapsed="0.000000"/>
</kw>
<kw name="Set Variable" owner="BuiltIn">
<msg time="2024-10-04T10:56:20.273145" level="INFO">${senha} = w*DMuug#!2</msg>
<var>${senha}</var>
<arg>${USER.password}</arg>
<doc>Returns the given values which can then be assigned to a variables.</doc>
<status status="PASS" start="2024-10-04T10:56:20.273145" elapsed="0.000000"/>
</kw>
<kw name="Set Global Variable" owner="BuiltIn">
<msg time="2024-10-04T10:56:20.276655" level="INFO">${usuario} = misty40@example.org</msg>
<arg>${usuario}</arg>
<doc>Makes a variable available globally in all tests and suites.</doc>
<status status="PASS" start="2024-10-04T10:56:20.276655" elapsed="0.000000"/>
</kw>
<kw name="Set Global Variable" owner="BuiltIn">
<msg time="2024-10-04T10:56:20.277822" level="INFO">${senha} = w*DMuug#!2</msg>
<arg>${senha}</arg>
<doc>Makes a variable available globally in all tests and suites.</doc>
<status status="PASS" start="2024-10-04T10:56:20.277822" elapsed="0.000000"/>
</kw>
<kw name="Login in" owner="functionals">
<kw name="Input Text" owner="SeleniumLibrary">
<msg time="2024-10-04T10:56:20.279329" level="INFO">Typing text 'misty40@example.org' into text field 'id=email'.</msg>
<arg>${InputEmailSignIn}</arg>
<arg>${USER}</arg>
<doc>Types the given ``text`` into the text field identified by ``locator``.</doc>
<status status="PASS" start="2024-10-04T10:56:20.278328" elapsed="0.155871"/>
</kw>
<kw name="Input Text" owner="SeleniumLibrary">
<msg time="2024-10-04T10:56:20.435778" level="INFO">Typing text 'w*DMuug#!2' into text field 'xpath= //input[contains(@type,'password')]'.</msg>
<arg>${InputPasswordSignIn}</arg>
<arg>${SENHA}</arg>
<doc>Types the given ``text`` into the text field identified by ``locator``.</doc>
<status status="PASS" start="2024-10-04T10:56:20.434452" elapsed="0.115806"/>
</kw>
<arg>${usuario}</arg>
<arg>${senha}</arg>
<status status="PASS" start="2024-10-04T10:56:20.278328" elapsed="0.271930"/>
</kw>
<status status="PASS" start="2024-10-04T10:56:20.268913" elapsed="0.281345"/>
</kw>
<kw name="Then When you click on the “Sign In” button, you must log in successfully." owner="tests_steps">
<kw name="Click Element" owner="SeleniumLibrary">
<msg time="2024-10-04T10:56:20.551578" level="INFO">Clicking element 'xpath= //span[contains(.,'Sign in')]'.</msg>
<arg>${ButtonSignIn}</arg>
<doc>Click the element identified by ``locator``.</doc>
<status status="PASS" start="2024-10-04T10:56:20.551578" elapsed="1.185763"/>
</kw>
<status status="PASS" start="2024-10-04T10:56:20.551578" elapsed="1.185763"/>
</kw>
<kw name="Wait Until Element Is Visible" owner="SeleniumLibrary">
<arg>//span[contains(.,'${USER.name} ${USER.lastname}')]</arg>
<doc>Waits until the element ``locator`` is visible.</doc>
<status status="PASS" start="2024-10-04T10:56:21.737341" elapsed="0.022645"/>
</kw>
<status status="PASS" start="2024-10-04T10:56:18.104538" elapsed="3.655448"/>
</kw>
<kw name="When I click on my name" owner="tests_steps">
<kw name="Click Element" owner="SeleniumLibrary">
<msg time="2024-10-04T10:56:21.761117" level="INFO">Clicking element '//span[contains(.,'Erin Fuller Fisher')]'.</msg>
<arg>//span[contains(.,'${USER.name} ${USER.lastname}')]</arg>
<doc>Click the element identified by ``locator``.</doc>
<status status="PASS" start="2024-10-04T10:56:21.761117" elapsed="0.543052"/>
</kw>
<status status="PASS" start="2024-10-04T10:56:21.761117" elapsed="0.543052"/>
</kw>
<kw name="And I click on the “My addresses” menu" owner="tests_steps" source_name="And I click on the “${menu}” menu">
<kw name="Click Element" owner="SeleniumLibrary">
<msg time="2024-10-04T10:56:22.305306" level="INFO">Clicking element '//span[contains(.,'My addresses')]'.</msg>
<arg>//span[contains(.,'${menu}')]</arg>
<doc>Click the element identified by ``locator``.</doc>
<status status="PASS" start="2024-10-04T10:56:22.305306" elapsed="0.812705"/>
</kw>
<status status="PASS" start="2024-10-04T10:56:22.305306" elapsed="0.812705"/>
</kw>
<kw name="And I change my address" owner="tests_steps">
<kw name="Click Element" owner="SeleniumLibrary">
<msg time="2024-10-04T10:56:23.119257" level="INFO">Clicking element 'xpath= //span[contains(.,'Update')]'.</msg>
<arg>${updateAddress}</arg>
<doc>Click the element identified by ``locator``.</doc>
<status status="PASS" start="2024-10-04T10:56:23.118011" elapsed="0.819742"/>
</kw>
<kw name="Input Text" owner="SeleniumLibrary">
<msg time="2024-10-04T10:56:23.938797" level="INFO">Typing text '5092 Mitchell Walks Apt. 125
South Pam, NE 98344' into text field 'xpath= //input[contains(@name,'address1')]'.</msg>
<arg>${inputAddress}</arg>
<arg>${USER.adress}</arg>
<doc>Types the given ``text`` into the text field identified by ``locator``.</doc>
<status status="PASS" start="2024-10-04T10:56:23.937753" elapsed="1.038451"/>
</kw>
<status status="PASS" start="2024-10-04T10:56:23.118011" elapsed="1.858193"/>
</kw>
<kw name="Then When clicking the “Save” button, my address should be updated successfully." owner="tests_steps">
<kw name="Wait Until Element Is Visible" owner="SeleniumLibrary">
<arg>${textAddAddress}</arg>
<doc>Waits until the element ``locator`` is visible.</doc>
<status status="PASS" start="2024-10-04T10:56:24.979044" elapsed="0.015144"/>
</kw>
<status status="PASS" start="2024-10-04T10:56:24.977704" elapsed="0.016484"/>
</kw>
<kw name="Fechar Browser" owner="functionals" type="TEARDOWN">
<kw name="Capture Page Screenshot" owner="SeleniumLibrary">
<msg time="2024-10-04T10:56:25.134606" level="INFO" html="true">&lt;/td&gt;&lt;/tr&gt;&lt;tr&gt;&lt;td colspan="3"&gt;&lt;a href="selenium-screenshot-6.png"&gt;&lt;img src="selenium-screenshot-6.png" width="800px"&gt;&lt;/a&gt;</msg>
<doc>Takes a screenshot of the current page and embeds it into a log file.</doc>
<status status="PASS" start="2024-10-04T10:56:24.994188" elapsed="0.140418"/>
</kw>
<kw name="Close Browser" owner="SeleniumLibrary">
<doc>Closes the current browser.</doc>
<status status="PASS" start="2024-10-04T10:56:25.138115" elapsed="2.164816"/>
</kw>
<status status="PASS" start="2024-10-04T10:56:24.994188" elapsed="2.308743"/>
</kw>
<kw name="Stop Recording Test" owner="AutoRecorder">
<msg time="2024-10-04T10:56:27.333352" level="INFO" html="true">&lt;a href="recording_6.webm"&gt;&lt;video width="800px" autoplay&gt;&lt;source src="recording_6.webm" type="video/webm"&gt;&lt;/video&gt;&lt;/a&gt;</msg>
<arg>CT006 - Change my address successfully</arg>
<doc>There is no need to execute this keyword manually.</doc>
<status status="PASS" start="2024-10-04T10:56:27.304089" elapsed="0.029263"/>
</kw>
<status status="PASS" start="2024-10-04T10:56:08.266434" elapsed="19.036497"/>
</test>
<test id="s1-t7" name="CT007 - successfully change my personal details" line="52">
<kw name="Abrir Browser" owner="functionals" type="SETUP">
<kw name="Open Browser" owner="SeleniumLibrary">
<msg time="2024-10-04T10:56:29.444367" level="INFO">Opening browser 'chrome' to base url 'None'.</msg>
<arg>browser=chrome</arg>
<arg>options=add_experimental_option("detach", True)</arg>
<doc>Opens a new browser instance to the optional ``url``.</doc>
<status status="PASS" start="2024-10-04T10:56:29.444367" elapsed="1.401406"/>
</kw>
<kw name="Go To" owner="SeleniumLibrary">
<msg time="2024-10-04T10:56:30.845773" level="INFO">Opening url 'http://www.automationpractice.pl/index.php'</msg>
<arg>${HOME_PAGE}</arg>
<doc>Navigates the current browser window to the provided ``url``.</doc>
<status status="PASS" start="2024-10-04T10:56:30.845773" elapsed="5.971647"/>
</kw>
<kw name="Maximize Browser Window" owner="SeleniumLibrary">
<doc>Maximizes current browser window.</doc>
<status status="PASS" start="2024-10-04T10:56:36.818997" elapsed="0.040419"/>
</kw>
<kw name="Get Current Date" owner="DateTime">
<msg time="2024-10-04T10:56:36.861379" level="INFO">${data} = 04-10-2024</msg>
<var>${data}</var>
<arg>result_format=%d-%m-%Y</arg>
<doc>Returns current local or UTC time with an optional increment.</doc>
<status status="PASS" start="2024-10-04T10:56:36.860871" elapsed="0.000508"/>
</kw>
<kw name="Set Global Variable" owner="BuiltIn">
<msg time="2024-10-04T10:56:36.861379" level="INFO">${data} = 04-10-2024</msg>
<arg>${data}</arg>
<doc>Makes a variable available globally in all tests and suites.</doc>
<status status="PASS" start="2024-10-04T10:56:36.861379" elapsed="0.000000"/>
</kw>
<status status="PASS" start="2024-10-04T10:56:29.444367" elapsed="7.417012"/>
</kw>
<kw name="Given I'm on the home page logged in" owner="tests_steps">
<kw name="Given that I'm on the home page, and I'm not logged in" owner="tests_steps">
<kw name="Go To" owner="SeleniumLibrary">
<msg time="2024-10-04T10:56:36.863386" level="INFO">Opening url 'http://www.automationpractice.pl/index.php'</msg>
<arg>${HOME_PAGE}</arg>
<doc>Navigates the current browser window to the provided ``url``.</doc>
<status status="PASS" start="2024-10-04T10:56:36.863386" elapsed="0.597786"/>
</kw>
<kw name="Maximize Browser Window" owner="SeleniumLibrary">
<doc>Maximizes current browser window.</doc>
<status status="PASS" start="2024-10-04T10:56:37.462174" elapsed="0.003888"/>
</kw>
<status status="PASS" start="2024-10-04T10:56:36.863303" elapsed="0.602759"/>
</kw>
<kw name="When I click on “Sign In”" owner="tests_steps">
<kw name="Click Element" owner="SeleniumLibrary">
<msg time="2024-10-04T10:56:37.467116" level="INFO">Clicking element 'xpath= //a[@class='login'][contains(.,'Sign in')]'.</msg>
<arg>${SignIn}</arg>
<doc>Click the element identified by ``locator``.</doc>
<status status="PASS" start="2024-10-04T10:56:37.466062" elapsed="1.415527"/>
</kw>
<status status="PASS" start="2024-10-04T10:56:37.466062" elapsed="1.415527"/>
</kw>
<kw name="And I am redirected to the login and registration page" owner="tests_steps">
<kw name="Wait Until Element Is Visible" owner="SeleniumLibrary">
<arg>${PageTitle}</arg>
<doc>Waits until the element ``locator`` is visible.</doc>
<status status="PASS" start="2024-10-04T10:56:38.881589" elapsed="0.019423"/>
</kw>
<status status="PASS" start="2024-10-04T10:56:38.881589" elapsed="0.019423"/>
</kw>
<kw name="And I enter your email and password correctly" owner="tests_steps">
<kw name="Uses Mass of Data" owner="functionals">
<kw name="Get File" owner="OperatingSystem">
<msg time="2024-10-04T10:56:38.905418" level="INFO" html="true">Getting file '&lt;a href="file://C:\Users\Admin\OneDrive\Área de Trabalho\challengeRobot_test-automation-main\framework\Files\Client-04-10-2024.txt"&gt;C:\Users\Admin\OneDrive\Área de Trabalho\challengeRobot_test-automation-main\framework\Files\Client-04-10-2024.txt&lt;/a&gt;'.</msg>
<msg time="2024-10-04T10:56:38.906765" level="INFO">${file} = name=Erin Fuller;email=misty40@example.org;lastname=Fisher;password=w*DMuug#!2;day=14;month=09;year=1980;address=746 Anthony Alley Suite 343
Mclaughlinberg, NV 52250;company=courtneyfoley;city=Roberts...</msg>
<var>${file}</var>
<arg>./framework/Files/${fileName}</arg>
<doc>Returns the contents of a specified file.</doc>
<status status="PASS" start="2024-10-04T10:56:38.905418" elapsed="0.001347"/>
</kw>
<kw name="Txt To Dict" owner="generator">
<msg time="2024-10-04T10:56:38.906765" level="INFO">&amp;{DICT} = { name=Erin Fuller | email=misty40@example.org | lastname=Fisher | password=w*DMuug#!2 | day=14 | month=09 | year=1980 | address=746 Anthony Alley Suite 343
Mclaughlinberg, NV 52250 | company=courtney...</msg>
<var>&amp;{DICT}</var>
<arg>${file}</arg>
<status status="PASS" start="2024-10-04T10:56:38.906765" elapsed="0.000000"/>
</kw>
<return>
<value>&amp;{DICT}</value>
<status status="PASS" start="2024-10-04T10:56:38.906765" elapsed="0.001203"/>
</return>
<msg time="2024-10-04T10:56:38.907968" level="INFO">&amp;{USER} = { name=Erin Fuller | email=misty40@example.org | lastname=Fisher | password=w*DMuug#!2 | day=14 | month=09 | year=1980 | address=746 Anthony Alley Suite 343
Mclaughlinberg, NV 52250 | company=courtney...</msg>
<var>&amp;{USER}</var>
<arg>Client-${data}.txt</arg>
<status status="PASS" start="2024-10-04T10:56:38.905418" elapsed="0.002550"/>
</kw>
<kw name="Log To Console" owner="BuiltIn">
<arg>${USER}</arg>
<doc>Logs the given message to the console.</doc>
<status status="PASS" start="2024-10-04T10:56:38.908497" elapsed="0.000000"/>
</kw>
<kw name="Set Global Variable" owner="BuiltIn">
<msg time="2024-10-04T10:56:38.909944" level="INFO">&amp;{USER} = { name=Erin Fuller | email=misty40@example.org | lastname=Fisher | password=w*DMuug#!2 | day=14 | month=09 | year=1980 | address=746 Anthony Alley Suite 343
Mclaughlinberg, NV 52250 | company=courtney...</msg>
<arg>&amp;{USER}</arg>
<doc>Makes a variable available globally in all tests and suites.</doc>
<status status="PASS" start="2024-10-04T10:56:38.908497" elapsed="0.001447"/>
</kw>
<kw name="Set Variable" owner="BuiltIn">
<msg time="2024-10-04T10:56:38.910483" level="INFO">${usuario} = misty40@example.org</msg>
<var>${usuario}</var>
<arg>${USER.email}</arg>
<doc>Returns the given values which can then be assigned to a variables.</doc>
<status status="PASS" start="2024-10-04T10:56:38.909944" elapsed="0.000539"/>
</kw>
<kw name="Set Variable" owner="BuiltIn">
<msg time="2024-10-04T10:56:38.911574" level="INFO">${senha} = w*DMuug#!2</msg>
<var>${senha}</var>
<arg>${USER.password}</arg>
<doc>Returns the given values which can then be assigned to a variables.</doc>
<status status="PASS" start="2024-10-04T10:56:38.910483" elapsed="0.001091"/>
</kw>
<kw name="Set Global Variable" owner="BuiltIn">
<msg time="2024-10-04T10:56:38.911574" level="INFO">${usuario} = misty40@example.org</msg>
<arg>${usuario}</arg>
<doc>Makes a variable available globally in all tests and suites.</doc>
<status status="PASS" start="2024-10-04T10:56:38.911574" elapsed="0.000537"/>
</kw>
<kw name="Set Global Variable" owner="BuiltIn">
<msg time="2024-10-04T10:56:38.912111" level="INFO">${senha} = w*DMuug#!2</msg>
<arg>${senha}</arg>
<doc>Makes a variable available globally in all tests and suites.</doc>
<status status="PASS" start="2024-10-04T10:56:38.912111" elapsed="0.000000"/>
</kw>
<kw name="Login in" owner="functionals">
<kw name="Input Text" owner="SeleniumLibrary">
<msg time="2024-10-04T10:56:38.912111" level="INFO">Typing text 'misty40@example.org' into text field 'id=email'.</msg>
<arg>${InputEmailSignIn}</arg>
<arg>${USER}</arg>
<doc>Types the given ``text`` into the text field identified by ``locator``.</doc>
<status status="PASS" start="2024-10-04T10:56:38.912111" elapsed="0.154997"/>
</kw>
<kw name="Input Text" owner="SeleniumLibrary">
<msg time="2024-10-04T10:56:39.067108" level="INFO">Typing text 'w*DMuug#!2' into text field 'xpath= //input[contains(@type,'password')]'.</msg>
<arg>${InputPasswordSignIn}</arg>
<arg>${SENHA}</arg>
<doc>Types the given ``text`` into the text field identified by ``locator``.</doc>
<status status="PASS" start="2024-10-04T10:56:39.067108" elapsed="0.114121"/>
</kw>
<arg>${usuario}</arg>
<arg>${senha}</arg>
<status status="PASS" start="2024-10-04T10:56:38.912111" elapsed="0.269118"/>
</kw>
<status status="PASS" start="2024-10-04T10:56:38.901012" elapsed="0.280217"/>
</kw>
<kw name="Then When you click on the “Sign In” button, you must log in successfully." owner="tests_steps">
<kw name="Click Element" owner="SeleniumLibrary">
<msg time="2024-10-04T10:56:39.181229" level="INFO">Clicking element 'xpath= //span[contains(.,'Sign in')]'.</msg>
<arg>${ButtonSignIn}</arg>
<doc>Click the element identified by ``locator``.</doc>
<status status="PASS" start="2024-10-04T10:56:39.181229" elapsed="1.212751"/>
</kw>
<status status="PASS" start="2024-10-04T10:56:39.181229" elapsed="1.212751"/>
</kw>
<kw name="Wait Until Element Is Visible" owner="SeleniumLibrary">
<arg>//span[contains(.,'${USER.name} ${USER.lastname}')]</arg>
<doc>Waits until the element ``locator`` is visible.</doc>
<status status="PASS" start="2024-10-04T10:56:40.395012" elapsed="0.022066"/>
</kw>
<status status="PASS" start="2024-10-04T10:56:36.862381" elapsed="3.554697"/>
</kw>
<kw name="When I click on my name" owner="tests_steps">
<kw name="Click Element" owner="SeleniumLibrary">
<msg time="2024-10-04T10:56:40.417078" level="INFO">Clicking element '//span[contains(.,'Erin Fuller Fisher')]'.</msg>
<arg>//span[contains(.,'${USER.name} ${USER.lastname}')]</arg>
<doc>Click the element identified by ``locator``.</doc>
<status status="PASS" start="2024-10-04T10:56:40.417078" elapsed="0.519212"/>
</kw>
<status status="PASS" start="2024-10-04T10:56:40.417078" elapsed="0.519212"/>
</kw>
<kw name="And I click on the “My personal information” menu" owner="tests_steps" source_name="And I click on the “${menu}” menu">
<kw name="Click Element" owner="SeleniumLibrary">
<msg time="2024-10-04T10:56:40.938362" level="INFO">Clicking element '//span[contains(.,'My personal information')]'.</msg>
<arg>//span[contains(.,'${menu}')]</arg>
<doc>Click the element identified by ``locator``.</doc>
<status status="PASS" start="2024-10-04T10:56:40.937311" elapsed="0.534472"/>
</kw>
<status status="PASS" start="2024-10-04T10:56:40.937311" elapsed="0.534472"/>
</kw>
<kw name="And I change my password" owner="tests_steps">
<kw name="Input Text" owner="SeleniumLibrary">
<msg time="2024-10-04T10:56:41.473325" level="INFO">Typing text 'w*DMuug#!2' into text field 'xpath= //input[contains(@name,'old_passwd')]'.</msg>
<arg>${currentPassword}</arg>
<arg>${USER.password}</arg>
<doc>Types the given ``text`` into the text field identified by ``locator``.</doc>
<status status="PASS" start="2024-10-04T10:56:41.472291" elapsed="0.131603"/>
</kw>
<kw name="Input Text" owner="SeleniumLibrary">
<msg time="2024-10-04T10:56:41.605232" level="INFO">Typing text ')q5mD!aHLN' into text field 'xpath= //input[@name='passwd']'.</msg>
<arg>${newPassword}</arg>
<arg>${USER.password1}</arg>
<doc>Types the given ``text`` into the text field identified by ``locator``.</doc>
<status status="PASS" start="2024-10-04T10:56:41.603894" elapsed="0.108808"/>
</kw>
<kw name="Input Text" owner="SeleniumLibrary">
<msg time="2024-10-04T10:56:41.713757" level="INFO">Typing text ')q5mD!aHLN' into text field 'xpath= //input[contains(@name,'confirmation')]'.</msg>
<arg>${confirmationPassword}</arg>
<arg>${USER.password1}</arg>
<doc>Types the given ``text`` into the text field identified by ``locator``.</doc>
<status status="PASS" start="2024-10-04T10:56:41.712872" elapsed="0.111504"/>
</kw>
<status status="PASS" start="2024-10-04T10:56:41.472291" elapsed="0.352085"/>
</kw>
<kw name="Then When clicking the “Save” button, my password should be updated successfully." owner="tests_steps">
<kw name="Click Element" owner="SeleniumLibrary">
<msg time="2024-10-04T10:56:41.826686" level="INFO">Clicking element 'xpath= //button[@name='submitIdentity']'.</msg>
<arg>${buttonSavePersonalInformation}</arg>
<doc>Click the element identified by ``locator``.</doc>
<status status="PASS" start="2024-10-04T10:56:41.825606" elapsed="0.550808"/>
</kw>
<status status="PASS" start="2024-10-04T10:56:41.825606" elapsed="0.550808"/>
</kw>
<kw name="Fechar Browser" owner="functionals" type="TEARDOWN">
<kw name="Capture Page Screenshot" owner="SeleniumLibrary">
<msg time="2024-10-04T10:56:42.550851" level="INFO" html="true">&lt;/td&gt;&lt;/tr&gt;&lt;tr&gt;&lt;td colspan="3"&gt;&lt;a href="selenium-screenshot-7.png"&gt;&lt;img src="selenium-screenshot-7.png" width="800px"&gt;&lt;/a&gt;</msg>
<doc>Takes a screenshot of the current page and embeds it into a log file.</doc>
<status status="PASS" start="2024-10-04T10:56:42.377668" elapsed="0.181484"/>
</kw>
<kw name="Close Browser" owner="SeleniumLibrary">
<doc>Closes the current browser.</doc>
<status status="PASS" start="2024-10-04T10:56:42.559152" elapsed="2.204107"/>
</kw>
<status status="PASS" start="2024-10-04T10:56:42.377668" elapsed="2.385591"/>
</kw>
<kw name="Stop Recording Test" owner="AutoRecorder">
<msg time="2024-10-04T10:56:44.787924" level="INFO" html="true">&lt;a href="recording_7.webm"&gt;&lt;video width="800px" autoplay&gt;&lt;source src="recording_7.webm" type="video/webm"&gt;&lt;/video&gt;&lt;/a&gt;</msg>
<arg>CT007 - successfully change my personal details</arg>
<doc>There is no need to execute this keyword manually.</doc>
<status status="PASS" start="2024-10-04T10:56:44.763259" elapsed="0.030775"/>
</kw>
<status status="PASS" start="2024-10-04T10:56:27.334384" elapsed="17.428875"/>
</test>
<status status="PASS" start="2024-10-04T10:54:28.873258" elapsed="135.921627"/>
</suite>
<statistics>
<total>
<stat pass="7" fail="0" skip="0">All Tests</stat>
</total>
<tag>
</tag>
<suite>
<stat pass="7" fail="0" skip="0" id="s1" name="Test Suite Success">Test Suite Success</stat>
</suite>
</statistics>
<errors>
</errors>
</robot>
